Heap:
 garbage-first heap   total 371712K, used 225124K [0x0000000702200000, 0x0000000800000000)
  region size 1024K, 62 young (63488K), 23 survivors (23552K)
 Metaspace       used 7786K, capacity 10595K, committed 10752K, reserved 1058816K
  class space    used 372K, capacity 687K, committed 768K, reserved 1048576K
GC Heap History (20 events):
Event: 214.601 GC heap before
{Heap before GC invocations=38 (full 0):
 garbage-first heap   total 271360K, used 211456K [0x0000000702200000, 0x0000000800000000)
  region size 1024K, 26 young (26624K), 4 survivors (4096K)
 Metaspace       used 7742K, capacity 10531K, committed 10752K, reserved 1058816K
  class space    used 372K, capacity 687K, committed 768K, reserved 1048576K
}
Event: 214.630 GC heap after
{Heap after GC invocations=39 (full 0):
 garbage-first heap   total 271360K, used 198492K [0x0000000702200000, 0x0000000800000000)
  region size 1024K, 4 young (4096K), 4 survivors (4096K)
 Metaspace       used 7742K, capacity 10531K, committed 10752K, reserved 1058816K
  class space    used 372K, capacity 687K, committed 768K, reserved 1048576K
}
Event: 218.049 GC heap before
{Heap before GC invocations=39 (full 0):
 garbage-first heap   total 271360K, used 216924K [0x0000000702200000, 0x0000000800000000)
  region size 1024K, 22 young (22528K), 4 survivors (4096K)
 Metaspace       used 7742K, capacity 10531K, committed 10752K, reserved 1058816K
  class space    used 372K, capacity 687K, committed 768K, reserved 1048576K
}
Event: 218.073 GC heap after
{Heap after GC invocations=40 (full 0):
 garbage-first heap   total 271360K, used 205747K [0x0000000702200000, 0x0000000800000000)
  region size 1024K, 3 young (3072K), 3 survivors (3072K)
 Metaspace       used 7742K, capacity 10531K, committed 10752K, reserved 1058816K
  class space    used 372K, capacity 687K, committed 768K, reserved 1048576K
}
Event: 220.931 GC heap before
{Heap before GC invocations=40 (full 0):
 garbage-first heap   total 271360K, used 221107K [0x0000000702200000, 0x0000000800000000)
  region size 1024K, 18 young (18432K), 3 survivors (3072K)
 Metaspace       used 7742K, capacity 10531K, committed 10752K, reserved 1058816K
  class space    used 372K, capacity 687K, committed 768K, reserved 1048576K
}
Event: 220.951 GC heap after
{Heap after GC invocations=41 (full 0):
 garbage-first heap   total 271360K, used 211968K [0x0000000702200000, 0x0000000800000000)
  region size 1024K, 3 young (3072K), 3 survivors (3072K)
 Metaspace       used 7742K, capacity 10531K, committed 10752K, reserved 1058816K
  class space    used 372K, capacity 687K, committed 768K, reserved 1048576K
}
Event: 223.582 GC heap before
{Heap before GC invocations=42 (full 0):
 garbage-first heap   total 345088K, used 218112K [0x0000000702200000, 0x0000000800000000)
  region size 1024K, 16 young (16384K), 3 survivors (3072K)
 Metaspace       used 7742K, capacity 10531K, committed 10752K, reserved 1058816K
  class space    used 372K, capacity 687K, committed 768K, reserved 1048576K
}
Event: 223.602 GC heap after
{Heap after GC invocations=43 (full 0):
 garbage-first heap   total 345088K, used 210066K [0x0000000702200000, 0x0000000800000000)
  region size 1024K, 2 young (2048K), 2 survivors (2048K)
 Metaspace       used 7742K, capacity 10531K, committed 10752K, reserved 1058816K
  class space    used 372K, capacity 687K, committed 768K, reserved 1048576K
}
Event: 226.259 GC heap before
{Heap before GC invocations=43 (full 0):
 garbage-first heap   total 345088K, used 224402K [0x0000000702200000, 0x0000000800000000)
  region size 1024K, 16 young (16384K), 2 survivors (2048K)
 Metaspace       used 7742K, capacity 10531K, committed 10752K, reserved 1058816K
  class space    used 372K, capacity 687K, committed 768K, reserved 1048576K
}
Event: 226.280 GC heap after
{Heap after GC invocations=44 (full 0):
 garbage-first heap   total 345088K, used 183721K [0x0000000702200000, 0x0000000800000000)
  region size 1024K, 2 young (2048K), 2 survivors (2048K)
 Metaspace       used 7742K, capacity 10531K, committed 10752K, reserved 1058816K
  class space    used 372K, capacity 687K, committed 768K, reserved 1048576K
}
Event: 228.935 GC heap before
{Heap before GC invocations=44 (full 0):
 garbage-first heap   total 345088K, used 198057K [0x0000000702200000, 0x0000000800000000)
  region size 1024K, 16 young (16384K), 2 survivors (2048K)
 Metaspace       used 7742K, capacity 10531K, committed 10752K, reserved 1058816K
  class space    used 372K, capacity 687K, committed 768K, reserved 1048576K
}
Event: 228.956 GC heap after
{Heap after GC invocations=45 (full 0):
 garbage-first heap   total 345088K, used 156859K [0x0000000702200000, 0x0000000800000000)
  region size 1024K, 2 young (2048K), 2 survivors (2048K)
 Metaspace       used 7742K, capacity 10531K, committed 10752K, reserved 1058816K
  class space    used 372K, capacity 687K, committed 768K, reserved 1048576K
}
Event: 231.597 GC heap before
{Heap before GC invocations=45 (full 0):
 garbage-first heap   total 345088K, used 171195K [0x0000000702200000, 0x0000000800000000)
  region size 1024K, 16 young (16384K), 2 survivors (2048K)
 Metaspace       used 7742K, capacity 10531K, committed 10752K, reserved 1058816K
  class space    used 372K, capacity 687K, committed 768K, reserved 1048576K
}
Event: 231.620 GC heap after
{Heap after GC invocations=46 (full 0):
 garbage-first heap   total 345088K, used 130231K [0x0000000702200000, 0x0000000800000000)
  region size 1024K, 2 young (2048K), 2 survivors (2048K)
 Metaspace       used 7742K, capacity 10531K, committed 10752K, reserved 1058816K
  class space    used 372K, capacity 687K, committed 768K, reserved 1048576K
}
Event: 234.264 GC heap before
{Heap before GC invocations=46 (full 0):
 garbage-first heap   total 345088K, used 144567K [0x0000000702200000, 0x0000000800000000)
  region size 1024K, 16 young (16384K), 2 survivors (2048K)
 Metaspace       used 7742K, capacity 10531K, committed 10752K, reserved 1058816K
  class space    used 372K, capacity 687K, committed 768K, reserved 1048576K
}
Event: 234.287 GC heap after
{Heap after GC invocations=47 (full 0):
 garbage-first heap   total 345088K, used 104635K [0x0000000702200000, 0x0000000800000000)
  region size 1024K, 2 young (2048K), 2 survivors (2048K)
 Metaspace       used 7742K, capacity 10531K, committed 10752K, reserved 1058816K
  class space    used 372K, capacity 687K, committed 768K, reserved 1048576K
}
Event: 236.911 GC heap before
{Heap before GC invocations=47 (full 0):
 garbage-first heap   total 345088K, used 118971K [0x0000000702200000, 0x0000000800000000)
  region size 1024K, 16 young (16384K), 2 survivors (2048K)
 Metaspace       used 7742K, capacity 10531K, committed 10752K, reserved 1058816K
  class space    used 372K, capacity 687K, committed 768K, reserved 1048576K
}
Event: 236.928 GC heap after
{Heap after GC invocations=48 (full 0):
 garbage-first heap   total 345088K, used 77413K [0x0000000702200000, 0x0000000800000000)
  region size 1024K, 2 young (2048K), 2 survivors (2048K)
 Metaspace       used 7742K, capacity 10531K, committed 10752K, reserved 1058816K
  class space    used 372K, capacity 687K, committed 768K, reserved 1048576K
}
Event: 271.496 GC heap before
{Heap before GC invocations=48 (full 0):
 garbage-first heap   total 345088K, used 260709K [0x0000000702200000, 0x0000000800000000)
  region size 1024K, 181 young (185344K), 2 survivors (2048K)
 Metaspace       used 7786K, capacity 10595K, committed 10752K, reserved 1058816K
  class space    used 372K, capacity 687K, committed 768K, reserved 1048576K
}
Event: 271.739 GC heap after
{Heap after GC invocations=49 (full 0):
 garbage-first heap   total 371712K, used 186212K [0x0000000702200000, 0x0000000800000000)
  region size 1024K, 23 young (23552K), 23 survivors (23552K)
 Metaspace       used 7786K, capacity 10595K, committed 10752K, reserved 1058816K
  class space    used 372K, capacity 687K, committed 768K, reserved 1048576K
}

