# JRE version: OpenJDK Runtime Environment (13.0.1+9) (build 13.0.1+9)
# Java VM: OpenJDK 64-Bit Server VM (13.0.1+9, mixed mode, sharing, tiered, compressed oops, g1 gc, windows-amd64)
Heap:
 garbage-first heap   total 447488K, used 225622K [0x0000000702200000, 0x0000000800000000)
  region size 1024K, 49 young (50176K), 30 survivors (30720K)
 Metaspace       used 7836K, capacity 10595K, committed 10752K, reserved 1058816K
  class space    used 376K, capacity 687K, committed 768K, reserved 1048576K
GC Heap History (20 events):
Event: 242.134 GC heap before
{Heap before GC invocations=42 (full 0):
 garbage-first heap   total 312320K, used 251904K [0x0000000702200000, 0x0000000800000000)
  region size 1024K, 25 young (25600K), 4 survivors (4096K)
 Metaspace       used 7792K, capacity 10595K, committed 10752K, reserved 1058816K
  class space    used 376K, capacity 687K, committed 768K, reserved 1048576K
}
Event: 242.167 GC heap after
{Heap after GC invocations=43 (full 0):
 garbage-first heap   total 312320K, used 238432K [0x0000000702200000, 0x0000000800000000)
  region size 1024K, 4 young (4096K), 4 survivors (4096K)
 Metaspace       used 7792K, capacity 10595K, committed 10752K, reserved 1058816K
  class space    used 376K, capacity 687K, committed 768K, reserved 1048576K
}
Event: 245.155 GC heap before
{Heap before GC invocations=43 (full 0):
 garbage-first heap   total 312320K, used 256864K [0x0000000702200000, 0x0000000800000000)
  region size 1024K, 22 young (22528K), 4 survivors (4096K)
 Metaspace       used 7792K, capacity 10595K, committed 10752K, reserved 1058816K
  class space    used 376K, capacity 687K, committed 768K, reserved 1048576K
}
Event: 245.184 GC heap after
{Heap after GC invocations=44 (full 0):
 garbage-first heap   total 312320K, used 245175K [0x0000000702200000, 0x0000000800000000)
  region size 1024K, 3 young (3072K), 3 survivors (3072K)
 Metaspace       used 7792K, capacity 10595K, committed 10752K, reserved 1058816K
  class space    used 376K, capacity 687K, committed 768K, reserved 1048576K
}
Event: 247.650 GC heap before
{Heap before GC invocations=44 (full 0):
 garbage-first heap   total 312320K, used 259511K [0x0000000702200000, 0x0000000800000000)
  region size 1024K, 17 young (17408K), 3 survivors (3072K)
 Metaspace       used 7792K, capacity 10595K, committed 10752K, reserved 1058816K
  class space    used 376K, capacity 687K, committed 768K, reserved 1048576K
}
Event: 247.672 GC heap after
{Heap after GC invocations=45 (full 0):
 garbage-first heap   total 312320K, used 249830K [0x0000000702200000, 0x0000000800000000)
  region size 1024K, 3 young (3072K), 3 survivors (3072K)
 Metaspace       used 7792K, capacity 10595K, committed 10752K, reserved 1058816K
  class space    used 376K, capacity 687K, committed 768K, reserved 1048576K
}
Event: 250.101 GC heap before
{Heap before GC invocations=46 (full 0):
 garbage-first heap   total 403456K, used 251878K [0x0000000702200000, 0x0000000800000000)
  region size 1024K, 16 young (16384K), 3 survivors (3072K)
 Metaspace       used 7792K, capacity 10595K, committed 10752K, reserved 1058816K
  class space    used 376K, capacity 687K, committed 768K, reserved 1048576K
}
Event: 250.122 GC heap after
{Heap after GC invocations=47 (full 0):
 garbage-first heap   total 403456K, used 243156K [0x0000000702200000, 0x0000000800000000)
  region size 1024K, 2 young (2048K), 2 survivors (2048K)
 Metaspace       used 7792K, capacity 10595K, committed 10752K, reserved 1058816K
  class space    used 376K, capacity 687K, committed 768K, reserved 1048576K
}
Event: 252.968 GC heap before
{Heap before GC invocations=47 (full 0):
 garbage-first heap   total 403456K, used 260564K [0x0000000702200000, 0x0000000800000000)
  region size 1024K, 19 young (19456K), 2 survivors (2048K)
 Metaspace       used 7792K, capacity 10595K, committed 10752K, reserved 1058816K
  class space    used 376K, capacity 687K, committed 768K, reserved 1048576K
}
Event: 252.999 GC heap after
{Heap after GC invocations=48 (full 0):
 garbage-first heap   total 403456K, used 210555K [0x0000000702200000, 0x0000000800000000)
  region size 1024K, 3 young (3072K), 3 survivors (3072K)
 Metaspace       used 7792K, capacity 10595K, committed 10752K, reserved 1058816K
  class space    used 376K, capacity 687K, committed 768K, reserved 1048576K
}
Event: 255.664 GC heap before
{Heap before GC invocations=48 (full 0):
 garbage-first heap   total 403456K, used 226939K [0x0000000702200000, 0x0000000800000000)
  region size 1024K, 19 young (19456K), 3 survivors (3072K)
 Metaspace       used 7792K, capacity 10595K, committed 10752K, reserved 1058816K
  class space    used 376K, capacity 687K, committed 768K, reserved 1048576K
}
Event: 255.688 GC heap after
{Heap after GC invocations=49 (full 0):
 garbage-first heap   total 403456K, used 175745K [0x0000000702200000, 0x0000000800000000)
  region size 1024K, 3 young (3072K), 3 survivors (3072K)
 Metaspace       used 7792K, capacity 10595K, committed 10752K, reserved 1058816K
  class space    used 376K, capacity 687K, committed 768K, reserved 1048576K
}
Event: 258.405 GC heap before
{Heap before GC invocations=49 (full 0):
 garbage-first heap   total 403456K, used 192129K [0x0000000702200000, 0x0000000800000000)
  region size 1024K, 19 young (19456K), 3 survivors (3072K)
 Metaspace       used 7792K, capacity 10595K, committed 10752K, reserved 1058816K
  class space    used 376K, capacity 687K, committed 768K, reserved 1048576K
}
Event: 258.437 GC heap after
{Heap after GC invocations=50 (full 0):
 garbage-first heap   total 403456K, used 142902K [0x0000000702200000, 0x0000000800000000)
  region size 1024K, 3 young (3072K), 3 survivors (3072K)
 Metaspace       used 7792K, capacity 10595K, committed 10752K, reserved 1058816K
  class space    used 376K, capacity 687K, committed 768K, reserved 1048576K
}
Event: 261.101 GC heap before
{Heap before GC invocations=50 (full 0):
 garbage-first heap   total 403456K, used 159286K [0x0000000702200000, 0x0000000800000000)
  region size 1024K, 19 young (19456K), 3 survivors (3072K)
 Metaspace       used 7836K, capacity 10595K, committed 10752K, reserved 1058816K
  class space    used 376K, capacity 687K, committed 768K, reserved 1048576K
}
Event: 261.127 GC heap after
{Heap after GC invocations=51 (full 0):
 garbage-first heap   total 403456K, used 109462K [0x0000000702200000, 0x0000000800000000)
  region size 1024K, 3 young (3072K), 3 survivors (3072K)
 Metaspace       used 7836K, capacity 10595K, committed 10752K, reserved 1058816K
  class space    used 376K, capacity 687K, committed 768K, reserved 1048576K
}
Event: 263.781 GC heap before
{Heap before GC invocations=51 (full 0):
 garbage-first heap   total 403456K, used 125846K [0x0000000702200000, 0x0000000800000000)
  region size 1024K, 19 young (19456K), 3 survivors (3072K)
 Metaspace       used 7836K, capacity 10595K, committed 10752K, reserved 1058816K
  class space    used 376K, capacity 687K, committed 768K, reserved 1048576K
}
Event: 263.810 GC heap after
{Heap after GC invocations=52 (full 0):
 garbage-first heap   total 403456K, used 75776K [0x0000000702200000, 0x0000000800000000)
  region size 1024K, 3 young (3072K), 3 survivors (3072K)
 Metaspace       used 7836K, capacity 10595K, committed 10752K, reserved 1058816K
  class space    used 376K, capacity 687K, committed 768K, reserved 1048576K
}
Event: 307.267 GC heap before
{Heap before GC invocations=52 (full 0):
 garbage-first heap   total 403456K, used 312320K [0x0000000702200000, 0x0000000800000000)
  region size 1024K, 234 young (239616K), 3 survivors (3072K)
 Metaspace       used 7836K, capacity 10595K, committed 10752K, reserved 1058816K
  class space    used 376K, capacity 687K, committed 768K, reserved 1048576K
}
Event: 307.793 GC heap after
{Heap after GC invocations=53 (full 0):
 garbage-first heap   total 447488K, used 207190K [0x0000000702200000, 0x0000000800000000)
  region size 1024K, 30 young (30720K), 30 survivors (30720K)
 Metaspace       used 7836K, capacity 10595K, committed 10752K, reserved 1058816K
  class space    used 376K, capacity 687K, committed 768K, reserved 1048576K
}

