# JRE version: Java(TM) SE Runtime Environment (13.0.2+8) (build 13.0.2+8)
# Java VM: Java HotSpot(TM) 64-Bit Server VM (13.0.2+8, mixed mode, sharing, tiered, compressed oops, g1 gc, windows-amd64)
Heap:
 garbage-first heap   total 319488K, used 195072K [0x0000000702200000, 0x0000000800000000)
  region size 1024K, 15 young (15360K), 8 survivors (8192K)
 Metaspace       used 8635K, capacity 11090K, committed 11264K, reserved 1060864K
  class space    used 428K, capacity 725K, committed 768K, reserved 1048576K
GC Heap History (20 events):
Event: 15.780 GC heap before
{Heap before GC invocations=2 (full 0):
 garbage-first heap   total 260096K, used 54250K [0x0000000702200000, 0x0000000800000000)
  region size 1024K, 22 young (22528K), 19 survivors (19456K)
 Metaspace       used 8633K, capacity 11090K, committed 11264K, reserved 1060864K
  class space    used 428K, capacity 725K, committed 768K, reserved 1048576K
}
Event: 15.798 GC heap after
{Heap after GC invocations=3 (full 0):
 garbage-first heap   total 260096K, used 40929K [0x0000000702200000, 0x0000000800000000)
  region size 1024K, 3 young (3072K), 3 survivors (3072K)
 Metaspace       used 8633K, capacity 11090K, committed 11264K, reserved 1060864K
  class space    used 428K, capacity 725K, committed 768K, reserved 1048576K
}
Event: 16.948 GC heap before
{Heap before GC invocations=3 (full 0):
 garbage-first heap   total 260096K, used 50145K [0x0000000702200000, 0x0000000800000000)
  region size 1024K, 12 young (12288K), 3 survivors (3072K)
 Metaspace       used 8634K, capacity 11090K, committed 11264K, reserved 1060864K
  class space    used 428K, capacity 725K, committed 768K, reserved 1048576K
}
Event: 16.959 GC heap after
{Heap after GC invocations=4 (full 0):
 garbage-first heap   total 260096K, used 43008K [0x0000000702200000, 0x0000000800000000)
  region size 1024K, 2 young (2048K), 2 survivors (2048K)
 Metaspace       used 8634K, capacity 11090K, committed 11264K, reserved 1060864K
  class space    used 428K, capacity 725K, committed 768K, reserved 1048576K
}
Event: 18.232 GC heap before
{Heap before GC invocations=4 (full 0):
 garbage-first heap   total 260096K, used 53248K [0x0000000702200000, 0x0000000800000000)
  region size 1024K, 12 young (12288K), 2 survivors (2048K)
 Metaspace       used 8634K, capacity 11090K, committed 11264K, reserved 1060864K
  class space    used 428K, capacity 725K, committed 768K, reserved 1048576K
}
Event: 18.245 GC heap after
{Heap after GC invocations=5 (full 0):
 garbage-first heap   total 260096K, used 45630K [0x0000000702200000, 0x0000000800000000)
  region size 1024K, 2 young (2048K), 2 survivors (2048K)
 Metaspace       used 8634K, capacity 11090K, committed 11264K, reserved 1060864K
  class space    used 428K, capacity 725K, committed 768K, reserved 1048576K
}
Event: 19.398 GC heap before
{Heap before GC invocations=5 (full 0):
 garbage-first heap   total 260096K, used 55870K [0x0000000702200000, 0x0000000800000000)
  region size 1024K, 12 young (12288K), 2 survivors (2048K)
 Metaspace       used 8634K, capacity 11090K, committed 11264K, reserved 1060864K
  class space    used 428K, capacity 725K, committed 768K, reserved 1048576K
}
Event: 19.411 GC heap after
{Heap after GC invocations=6 (full 0):
 garbage-first heap   total 260096K, used 48128K [0x0000000702200000, 0x0000000800000000)
  region size 1024K, 2 young (2048K), 2 survivors (2048K)
 Metaspace       used 8634K, capacity 11090K, committed 11264K, reserved 1060864K
  class space    used 428K, capacity 725K, committed 768K, reserved 1048576K
}
Event: 24.346 GC heap before
{Heap before GC invocations=6 (full 0):
 garbage-first heap   total 260096K, used 90112K [0x0000000702200000, 0x0000000800000000)
  region size 1024K, 43 young (44032K), 2 survivors (2048K)
 Metaspace       used 8634K, capacity 11090K, committed 11264K, reserved 1060864K
  class space    used 428K, capacity 725K, committed 768K, reserved 1048576K
}
Event: 24.405 GC heap after
{Heap after GC invocations=7 (full 0):
 garbage-first heap   total 260096K, used 65838K [0x0000000702200000, 0x0000000800000000)
  region size 1024K, 6 young (6144K), 6 survivors (6144K)
 Metaspace       used 8634K, capacity 11090K, committed 11264K, reserved 1060864K
  class space    used 428K, capacity 725K, committed 768K, reserved 1048576K
}
Event: 32.692 GC heap before
{Heap before GC invocations=7 (full 0):
 garbage-first heap   total 260096K, used 134446K [0x0000000702200000, 0x0000000800000000)
  region size 1024K, 73 young (74752K), 6 survivors (6144K)
 Metaspace       used 8635K, capacity 11090K, committed 11264K, reserved 1060864K
  class space    used 428K, capacity 725K, committed 768K, reserved 1048576K
}
Event: 32.796 GC heap after
{Heap after GC invocations=8 (full 0):
 garbage-first heap   total 260096K, used 93539K [0x0000000702200000, 0x0000000800000000)
  region size 1024K, 10 young (10240K), 10 survivors (10240K)
 Metaspace       used 8635K, capacity 11090K, committed 11264K, reserved 1060864K
  class space    used 428K, capacity 725K, committed 768K, reserved 1048576K
}
Event: 42.235 GC heap before
{Heap before GC invocations=8 (full 0):
 garbage-first heap   total 260096K, used 173411K [0x0000000702200000, 0x0000000800000000)
  region size 1024K, 88 young (90112K), 10 survivors (10240K)
 Metaspace       used 8635K, capacity 11090K, committed 11264K, reserved 1060864K
  class space    used 428K, capacity 725K, committed 768K, reserved 1048576K
}
Event: 42.381 GC heap after
{Heap after GC invocations=9 (full 0):
 garbage-first heap   total 260096K, used 124928K [0x0000000702200000, 0x0000000800000000)
  region size 1024K, 11 young (11264K), 11 survivors (11264K)
 Metaspace       used 8635K, capacity 11090K, committed 11264K, reserved 1060864K
  class space    used 428K, capacity 725K, committed 768K, reserved 1048576K
}
Event: 48.720 GC heap before
{Heap before GC invocations=9 (full 0):
 garbage-first heap   total 260096K, used 178176K [0x0000000702200000, 0x0000000800000000)
  region size 1024K, 63 young (64512K), 11 survivors (11264K)
 Metaspace       used 8635K, capacity 11090K, committed 11264K, reserved 1060864K
  class space    used 428K, capacity 725K, committed 768K, reserved 1048576K
}
Event: 48.819 GC heap after
{Heap after GC invocations=10 (full 0):
 garbage-first heap   total 319488K, used 140800K [0x0000000702200000, 0x0000000800000000)
  region size 1024K, 8 young (8192K), 8 survivors (8192K)
 Metaspace       used 8635K, capacity 11090K, committed 11264K, reserved 1060864K
  class space    used 428K, capacity 725K, committed 768K, reserved 1048576K
}
Event: 59.258 GC heap before
{Heap before GC invocations=10 (full 0):
 garbage-first heap   total 319488K, used 216576K [0x0000000702200000, 0x0000000800000000)
  region size 1024K, 82 young (83968K), 8 survivors (8192K)
 Metaspace       used 8635K, capacity 11090K, committed 11264K, reserved 1060864K
  class space    used 428K, capacity 725K, committed 768K, reserved 1048576K
}
Event: 59.452 GC heap after
{Heap after GC invocations=11 (full 0):
 garbage-first heap   total 319488K, used 172032K [0x0000000702200000, 0x0000000800000000)
  region size 1024K, 11 young (11264K), 11 survivors (11264K)
 Metaspace       used 8635K, capacity 11090K, committed 11264K, reserved 1060864K
  class space    used 428K, capacity 725K, committed 768K, reserved 1048576K
}
Event: 73.076 GC heap before
{Heap before GC invocations=11 (full 0):
 garbage-first heap   total 319488K, used 225280K [0x0000000702200000, 0x0000000800000000)
  region size 1024K, 63 young (64512K), 11 survivors (11264K)
 Metaspace       used 8635K, capacity 11090K, committed 11264K, reserved 1060864K
  class space    used 428K, capacity 725K, committed 768K, reserved 1048576K
}
Event: 73.262 GC heap after
{Heap after GC invocations=12 (full 0):
 garbage-first heap   total 319488K, used 188928K [0x0000000702200000, 0x0000000800000000)
  region size 1024K, 8 young (8192K), 8 survivors (8192K)
 Metaspace       used 8635K, capacity 11090K, committed 11264K, reserved 1060864K
  class space    used 428K, capacity 725K, committed 768K, reserved 1048576K
}

