# JRE version: Java(TM) SE Runtime Environment (13.0.2+8) (build 13.0.2+8)
# Java VM: Java HotSpot(TM) 64-Bit Server VM (13.0.2+8, mixed mode, sharing, tiered, compressed oops, g1 gc, windows-amd64)
Heap:
 garbage-first heap   total 374784K, used 157337K [0x0000000702200000, 0x0000000800000000)
  region size 1024K, 98 young (100352K), 4 survivors (4096K)
 Metaspace       used 8605K, capacity 11155K, committed 11264K, reserved 1060864K
  class space    used 424K, capacity 725K, committed 768K, reserved 1048576K
GC Heap History (20 events):
Event: 87.661 GC heap before
{Heap before GC invocations=66 (full 0):
 garbage-first heap   total 374784K, used 229058K [0x0000000702200000, 0x0000000800000000)
  region size 1024K, 219 young (224256K), 6 survivors (6144K)
 Metaspace       used 8601K, capacity 11155K, committed 11264K, reserved 1060864K
  class space    used 424K, capacity 725K, committed 768K, reserved 1048576K
}
Event: 87.679 GC heap after
{Heap after GC invocations=67 (full 0):
 garbage-first heap   total 374784K, used 11704K [0x0000000702200000, 0x0000000800000000)
  region size 1024K, 6 young (6144K), 6 survivors (6144K)
 Metaspace       used 8601K, capacity 11155K, committed 11264K, reserved 1060864K
  class space    used 424K, capacity 725K, committed 768K, reserved 1048576K
}
Event: 89.591 GC heap before
{Heap before GC invocations=67 (full 0):
 garbage-first heap   total 374784K, used 229816K [0x0000000702200000, 0x0000000800000000)
  region size 1024K, 219 young (224256K), 6 survivors (6144K)
 Metaspace       used 8601K, capacity 11155K, committed 11264K, reserved 1060864K
  class space    used 424K, capacity 725K, committed 768K, reserved 1048576K
}
Event: 89.611 GC heap after
{Heap after GC invocations=68 (full 0):
 garbage-first heap   total 374784K, used 12121K [0x0000000702200000, 0x0000000800000000)
  region size 1024K, 7 young (7168K), 7 survivors (7168K)
 Metaspace       used 8601K, capacity 11155K, committed 11264K, reserved 1060864K
  class space    used 424K, capacity 725K, committed 768K, reserved 1048576K
}
Event: 91.170 GC heap before
{Heap before GC invocations=68 (full 0):
 garbage-first heap   total 374784K, used 229209K [0x0000000702200000, 0x0000000800000000)
  region size 1024K, 219 young (224256K), 7 survivors (7168K)
 Metaspace       used 8601K, capacity 11155K, committed 11264K, reserved 1060864K
  class space    used 424K, capacity 725K, committed 768K, reserved 1048576K
}
Event: 91.186 GC heap after
{Heap after GC invocations=69 (full 0):
 garbage-first heap   total 374784K, used 10987K [0x0000000702200000, 0x0000000800000000)
  region size 1024K, 6 young (6144K), 6 survivors (6144K)
 Metaspace       used 8601K, capacity 11155K, committed 11264K, reserved 1060864K
  class space    used 424K, capacity 725K, committed 768K, reserved 1048576K
}
Event: 92.834 GC heap before
{Heap before GC invocations=69 (full 0):
 garbage-first heap   total 374784K, used 229099K [0x0000000702200000, 0x0000000800000000)
  region size 1024K, 219 young (224256K), 6 survivors (6144K)
 Metaspace       used 8601K, capacity 11155K, committed 11264K, reserved 1060864K
  class space    used 424K, capacity 725K, committed 768K, reserved 1048576K
}
Event: 92.851 GC heap after
{Heap after GC invocations=70 (full 0):
 garbage-first heap   total 374784K, used 11334K [0x0000000702200000, 0x0000000800000000)
  region size 1024K, 6 young (6144K), 6 survivors (6144K)
 Metaspace       used 8601K, capacity 11155K, committed 11264K, reserved 1060864K
  class space    used 424K, capacity 725K, committed 768K, reserved 1048576K
}
Event: 94.661 GC heap before
{Heap before GC invocations=70 (full 0):
 garbage-first heap   total 374784K, used 229446K [0x0000000702200000, 0x0000000800000000)
  region size 1024K, 219 young (224256K), 6 survivors (6144K)
 Metaspace       used 8601K, capacity 11155K, committed 11264K, reserved 1060864K
  class space    used 424K, capacity 725K, committed 768K, reserved 1048576K
}
Event: 94.681 GC heap after
{Heap after GC invocations=71 (full 0):
 garbage-first heap   total 374784K, used 11849K [0x0000000702200000, 0x0000000800000000)
  region size 1024K, 7 young (7168K), 7 survivors (7168K)
 Metaspace       used 8601K, capacity 11155K, committed 11264K, reserved 1060864K
  class space    used 424K, capacity 725K, committed 768K, reserved 1048576K
}
Event: 97.922 GC heap before
{Heap before GC invocations=71 (full 0):
 garbage-first heap   total 374784K, used 228937K [0x0000000702200000, 0x0000000800000000)
  region size 1024K, 219 young (224256K), 7 survivors (7168K)
 Metaspace       used 8601K, capacity 11155K, committed 11264K, reserved 1060864K
  class space    used 424K, capacity 725K, committed 768K, reserved 1048576K
}
Event: 97.952 GC heap after
{Heap after GC invocations=72 (full 0):
 garbage-first heap   total 374784K, used 15627K [0x0000000702200000, 0x0000000800000000)
  region size 1024K, 10 young (10240K), 10 survivors (10240K)
 Metaspace       used 8601K, capacity 11155K, committed 11264K, reserved 1060864K
  class space    used 424K, capacity 725K, committed 768K, reserved 1048576K
}
Event: 114.476 GC heap before
{Heap before GC invocations=72 (full 0):
 garbage-first heap   total 374784K, used 229643K [0x0000000702200000, 0x0000000800000000)
  region size 1024K, 219 young (224256K), 10 survivors (10240K)
 Metaspace       used 8605K, capacity 11155K, committed 11264K, reserved 1060864K
  class space    used 424K, capacity 725K, committed 768K, reserved 1048576K
}
Event: 114.663 GC heap after
{Heap after GC invocations=73 (full 0):
 garbage-first heap   total 374784K, used 83168K [0x0000000702200000, 0x0000000800000000)
  region size 1024K, 28 young (28672K), 28 survivors (28672K)
 Metaspace       used 8605K, capacity 11155K, committed 11264K, reserved 1060864K
  class space    used 424K, capacity 725K, committed 768K, reserved 1048576K
}
Event: 115.535 GC heap before
{Heap before GC invocations=73 (full 0):
 garbage-first heap   total 374784K, used 256224K [0x0000000702200000, 0x0000000800000000)
  region size 1024K, 197 young (201728K), 28 survivors (28672K)
 Metaspace       used 8605K, capacity 11155K, committed 11264K, reserved 1060864K
  class space    used 424K, capacity 725K, committed 768K, reserved 1048576K
}
Event: 115.547 GC heap after
{Heap after GC invocations=74 (full 0):
 garbage-first heap   total 374784K, used 62464K [0x0000000702200000, 0x0000000800000000)
  region size 1024K, 4 young (4096K), 4 survivors (4096K)
 Metaspace       used 8605K, capacity 11155K, committed 11264K, reserved 1060864K
  class space    used 424K, capacity 725K, committed 768K, reserved 1048576K
}
Event: 116.688 GC heap before
{Heap before GC invocations=74 (full 0):
 garbage-first heap   total 374784K, used 265216K [0x0000000702200000, 0x0000000800000000)
  region size 1024K, 202 young (206848K), 4 survivors (4096K)
 Metaspace       used 8605K, capacity 11155K, committed 11264K, reserved 1060864K
  class space    used 424K, capacity 725K, committed 768K, reserved 1048576K
}
Event: 116.700 GC heap after
{Heap after GC invocations=75 (full 0):
 garbage-first heap   total 374784K, used 62270K [0x0000000702200000, 0x0000000800000000)
  region size 1024K, 4 young (4096K), 4 survivors (4096K)
 Metaspace       used 8605K, capacity 11155K, committed 11264K, reserved 1060864K
  class space    used 424K, capacity 725K, committed 768K, reserved 1048576K
}
Event: 117.906 GC heap before
{Heap before GC invocations=75 (full 0):
 garbage-first heap   total 374784K, used 277310K [0x0000000702200000, 0x0000000800000000)
  region size 1024K, 214 young (219136K), 4 survivors (4096K)
 Metaspace       used 8605K, capacity 11155K, committed 11264K, reserved 1060864K
  class space    used 424K, capacity 725K, committed 768K, reserved 1048576K
}
Event: 117.918 GC heap after
{Heap after GC invocations=76 (full 0):
 garbage-first heap   total 374784K, used 62105K [0x0000000702200000, 0x0000000800000000)
  region size 1024K, 4 young (4096K), 4 survivors (4096K)
 Metaspace       used 8605K, capacity 11155K, committed 11264K, reserved 1060864K
  class space    used 424K, capacity 725K, committed 768K, reserved 1048576K
}

