# JRE version: OpenJDK Runtime Environment (13.0.1+9) (build 13.0.1+9)
# Java VM: OpenJDK 64-Bit Server VM (13.0.1+9, mixed mode, sharing, tiered, compressed oops, g1 gc, windows-amd64)
Heap:
 garbage-first heap   total 324608K, used 207043K [0x0000000702200000, 0x0000000800000000)
  region size 1024K, 63 young (64512K), 13 survivors (13312K)
 Metaspace       used 7728K, capacity 10531K, committed 10752K, reserved 1058816K
  class space    used 367K, capacity 687K, committed 768K, reserved 1048576K
GC Heap History (20 events):
Event: 77.682 GC heap before
{Heap before GC invocations=16 (full 0):
 garbage-first heap   total 324608K, used 113829K [0x0000000702200000, 0x0000000800000000)
  region size 1024K, 15 young (15360K), 2 survivors (2048K)
 Metaspace       used 7715K, capacity 10531K, committed 10752K, reserved 1058816K
  class space    used 367K, capacity 687K, committed 768K, reserved 1048576K
}
Event: 77.705 GC heap after
{Heap after GC invocations=17 (full 0):
 garbage-first heap   total 324608K, used 75153K [0x0000000702200000, 0x0000000800000000)
  region size 1024K, 2 young (2048K), 2 survivors (2048K)
 Metaspace       used 7715K, capacity 10531K, committed 10752K, reserved 1058816K
  class space    used 367K, capacity 687K, committed 768K, reserved 1048576K
}
Event: 103.030 GC heap before
{Heap before GC invocations=17 (full 0):
 garbage-first heap   total 324608K, used 210321K [0x0000000702200000, 0x0000000800000000)
  region size 1024K, 134 young (137216K), 2 survivors (2048K)
 Metaspace       used 7715K, capacity 10531K, committed 10752K, reserved 1058816K
  class space    used 367K, capacity 687K, committed 768K, reserved 1048576K
}
Event: 103.256 GC heap after
{Heap after GC invocations=18 (full 0):
 garbage-first heap   total 324608K, used 155839K [0x0000000702200000, 0x0000000800000000)
  region size 1024K, 17 young (17408K), 17 survivors (17408K)
 Metaspace       used 7715K, capacity 10531K, committed 10752K, reserved 1058816K
  class space    used 367K, capacity 687K, committed 768K, reserved 1048576K
}
Event: 114.778 GC heap before
{Heap before GC invocations=18 (full 0):
 garbage-first heap   total 324608K, used 217279K [0x0000000702200000, 0x0000000800000000)
  region size 1024K, 77 young (78848K), 17 survivors (17408K)
 Metaspace       used 7715K, capacity 10531K, committed 10752K, reserved 1058816K
  class space    used 367K, capacity 687K, committed 768K, reserved 1048576K
}
Event: 114.874 GC heap after
{Heap after GC invocations=19 (full 0):
 garbage-first heap   total 324608K, used 175104K [0x0000000702200000, 0x0000000800000000)
  region size 1024K, 10 young (10240K), 10 survivors (10240K)
 Metaspace       used 7715K, capacity 10531K, committed 10752K, reserved 1058816K
  class space    used 367K, capacity 687K, committed 768K, reserved 1048576K
}
Event: 124.288 GC heap before
{Heap before GC invocations=19 (full 0):
 garbage-first heap   total 324608K, used 225280K [0x0000000702200000, 0x0000000800000000)
  region size 1024K, 59 young (60416K), 10 survivors (10240K)
 Metaspace       used 7715K, capacity 10531K, committed 10752K, reserved 1058816K
  class space    used 367K, capacity 687K, committed 768K, reserved 1048576K
}
Event: 124.366 GC heap after
{Heap after GC invocations=20 (full 0):
 garbage-first heap   total 324608K, used 196096K [0x0000000702200000, 0x0000000800000000)
  region size 1024K, 8 young (8192K), 8 survivors (8192K)
 Metaspace       used 7715K, capacity 10531K, committed 10752K, reserved 1058816K
  class space    used 367K, capacity 687K, committed 768K, reserved 1048576K
}
Event: 132.491 GC heap before
{Heap before GC invocations=21 (full 0):
 garbage-first heap   total 324608K, used 226816K [0x0000000702200000, 0x0000000800000000)
  region size 1024K, 46 young (47104K), 8 survivors (8192K)
 Metaspace       used 7715K, capacity 10531K, committed 10752K, reserved 1058816K
  class space    used 367K, capacity 687K, committed 768K, reserved 1048576K
}
Event: 132.555 GC heap after
{Heap after GC invocations=22 (full 0):
 garbage-first heap   total 324608K, used 203776K [0x0000000702200000, 0x0000000800000000)
  region size 1024K, 6 young (6144K), 6 survivors (6144K)
 Metaspace       used 7715K, capacity 10531K, committed 10752K, reserved 1058816K
  class space    used 367K, capacity 687K, committed 768K, reserved 1048576K
}
Event: 134.741 GC heap before
{Heap before GC invocations=22 (full 0):
 garbage-first heap   total 324608K, used 212992K [0x0000000702200000, 0x0000000800000000)
  region size 1024K, 15 young (15360K), 6 survivors (6144K)
 Metaspace       used 7715K, capacity 10531K, committed 10752K, reserved 1058816K
  class space    used 367K, capacity 687K, committed 768K, reserved 1048576K
}
Event: 134.763 GC heap after
{Heap after GC invocations=23 (full 0):
 garbage-first heap   total 324608K, used 173056K [0x0000000702200000, 0x0000000800000000)
  region size 1024K, 2 young (2048K), 2 survivors (2048K)
 Metaspace       used 7715K, capacity 10531K, committed 10752K, reserved 1058816K
  class space    used 367K, capacity 687K, committed 768K, reserved 1048576K
}
Event: 137.741 GC heap before
{Heap before GC invocations=23 (full 0):
 garbage-first heap   total 324608K, used 186368K [0x0000000702200000, 0x0000000800000000)
  region size 1024K, 15 young (15360K), 2 survivors (2048K)
 Metaspace       used 7715K, capacity 10531K, committed 10752K, reserved 1058816K
  class space    used 367K, capacity 687K, committed 768K, reserved 1048576K
}
Event: 137.764 GC heap after
{Heap after GC invocations=24 (full 0):
 garbage-first heap   total 324608K, used 147912K [0x0000000702200000, 0x0000000800000000)
  region size 1024K, 2 young (2048K), 2 survivors (2048K)
 Metaspace       used 7715K, capacity 10531K, committed 10752K, reserved 1058816K
  class space    used 367K, capacity 687K, committed 768K, reserved 1048576K
}
Event: 140.809 GC heap before
{Heap before GC invocations=24 (full 0):
 garbage-first heap   total 324608K, used 161224K [0x0000000702200000, 0x0000000800000000)
  region size 1024K, 15 young (15360K), 2 survivors (2048K)
 Metaspace       used 7715K, capacity 10531K, committed 10752K, reserved 1058816K
  class space    used 367K, capacity 687K, committed 768K, reserved 1048576K
}
Event: 140.834 GC heap after
{Heap after GC invocations=25 (full 0):
 garbage-first heap   total 324608K, used 121856K [0x0000000702200000, 0x0000000800000000)
  region size 1024K, 2 young (2048K), 2 survivors (2048K)
 Metaspace       used 7715K, capacity 10531K, committed 10752K, reserved 1058816K
  class space    used 367K, capacity 687K, committed 768K, reserved 1048576K
}
Event: 144.006 GC heap before
{Heap before GC invocations=25 (full 0):
 garbage-first heap   total 324608K, used 135168K [0x0000000702200000, 0x0000000800000000)
  region size 1024K, 15 young (15360K), 2 survivors (2048K)
 Metaspace       used 7715K, capacity 10531K, committed 10752K, reserved 1058816K
  class space    used 367K, capacity 687K, committed 768K, reserved 1048576K
}
Event: 144.022 GC heap after
{Heap after GC invocations=26 (full 0):
 garbage-first heap   total 324608K, used 96975K [0x0000000702200000, 0x0000000800000000)
  region size 1024K, 2 young (2048K), 2 survivors (2048K)
 Metaspace       used 7715K, capacity 10531K, committed 10752K, reserved 1058816K
  class space    used 367K, capacity 687K, committed 768K, reserved 1048576K
}
Event: 165.354 GC heap before
{Heap before GC invocations=26 (full 0):
 garbage-first heap   total 324608K, used 198351K [0x0000000702200000, 0x0000000800000000)
  region size 1024K, 101 young (103424K), 2 survivors (2048K)
 Metaspace       used 7715K, capacity 10531K, committed 10752K, reserved 1058816K
  class space    used 367K, capacity 687K, committed 768K, reserved 1048576K
}
Event: 165.521 GC heap after
{Heap after GC invocations=27 (full 0):
 garbage-first heap   total 324608K, used 156867K [0x0000000702200000, 0x0000000800000000)
  region size 1024K, 13 young (13312K), 13 survivors (13312K)
 Metaspace       used 7715K, capacity 10531K, committed 10752K, reserved 1058816K
  class space    used 367K, capacity 687K, committed 768K, reserved 1048576K
}

