# JRE version: OpenJDK Runtime Environment (13.0.1+9) (build 13.0.1+9)
# Java VM: OpenJDK 64-Bit Server VM (13.0.1+9, mixed mode, sharing, tiered, compressed oops, g1 gc, windows-amd64)
Heap:
 garbage-first heap   total 450560K, used 176405K [0x0000000702200000, 0x0000000800000000)
  region size 1024K, 22 young (22528K), 3 survivors (3072K)
 Metaspace       used 7772K, capacity 10595K, committed 10752K, reserved 1058816K
  class space    used 371K, capacity 687K, committed 768K, reserved 1048576K
GC Heap History (20 events):
Event: 35.880 GC heap before
{Heap before GC invocations=7 (full 0):
 garbage-first heap   total 260096K, used 94112K [0x0000000702200000, 0x0000000800000000)
  region size 1024K, 12 young (12288K), 2 survivors (2048K)
 Metaspace       used 7754K, capacity 10531K, committed 10752K, reserved 1058816K
  class space    used 371K, capacity 687K, committed 768K, reserved 1048576K
}
Event: 35.893 GC heap after
{Heap after GC invocations=8 (full 0):
 garbage-first heap   total 260096K, used 87040K [0x0000000702200000, 0x0000000800000000)
  region size 1024K, 2 young (2048K), 2 survivors (2048K)
 Metaspace       used 7754K, capacity 10531K, committed 10752K, reserved 1058816K
  class space    used 371K, capacity 687K, committed 768K, reserved 1048576K
}
Event: 37.735 GC heap before
{Heap before GC invocations=8 (full 0):
 garbage-first heap   total 260096K, used 97280K [0x0000000702200000, 0x0000000800000000)
  region size 1024K, 12 young (12288K), 2 survivors (2048K)
 Metaspace       used 7754K, capacity 10531K, committed 10752K, reserved 1058816K
  class space    used 371K, capacity 687K, committed 768K, reserved 1048576K
}
Event: 37.788 GC heap after
{Heap after GC invocations=9 (full 0):
 garbage-first heap   total 260096K, used 90715K [0x0000000702200000, 0x0000000800000000)
  region size 1024K, 2 young (2048K), 2 survivors (2048K)
 Metaspace       used 7754K, capacity 10531K, committed 10752K, reserved 1058816K
  class space    used 371K, capacity 687K, committed 768K, reserved 1048576K
}
Event: 44.293 GC heap before
{Heap before GC invocations=9 (full 0):
 garbage-first heap   total 260096K, used 127579K [0x0000000702200000, 0x0000000800000000)
  region size 1024K, 38 young (38912K), 2 survivors (2048K)
 Metaspace       used 7756K, capacity 10595K, committed 10752K, reserved 1058816K
  class space    used 371K, capacity 687K, committed 768K, reserved 1048576K
}
Event: 44.497 GC heap after
{Heap after GC invocations=10 (full 0):
 garbage-first heap   total 312320K, used 111035K [0x0000000702200000, 0x0000000800000000)
  region size 1024K, 5 young (5120K), 5 survivors (5120K)
 Metaspace       used 7756K, capacity 10595K, committed 10752K, reserved 1058816K
  class space    used 371K, capacity 687K, committed 768K, reserved 1048576K
}
Event: 48.494 GC heap before
{Heap before GC invocations=10 (full 0):
 garbage-first heap   total 312320K, used 134587K [0x0000000702200000, 0x0000000800000000)
  region size 1024K, 28 young (28672K), 5 survivors (5120K)
 Metaspace       used 7756K, capacity 10595K, committed 10752K, reserved 1058816K
  class space    used 371K, capacity 687K, committed 768K, reserved 1048576K
}
Event: 48.524 GC heap after
{Heap after GC invocations=11 (full 0):
 garbage-first heap   total 312320K, used 120193K [0x0000000702200000, 0x0000000800000000)
  region size 1024K, 4 young (4096K), 4 survivors (4096K)
 Metaspace       used 7756K, capacity 10595K, committed 10752K, reserved 1058816K
  class space    used 371K, capacity 687K, committed 768K, reserved 1048576K
}
Event: 56.661 GC heap before
{Heap before GC invocations=11 (full 0):
 garbage-first heap   total 312320K, used 167297K [0x0000000702200000, 0x0000000800000000)
  region size 1024K, 50 young (51200K), 4 survivors (4096K)
 Metaspace       used 7756K, capacity 10595K, committed 10752K, reserved 1058816K
  class space    used 371K, capacity 687K, committed 768K, reserved 1048576K
}
Event: 56.917 GC heap after
{Heap after GC invocations=12 (full 0):
 garbage-first heap   total 312320K, used 144237K [0x0000000702200000, 0x0000000800000000)
  region size 1024K, 7 young (7168K), 7 survivors (7168K)
 Metaspace       used 7756K, capacity 10595K, committed 10752K, reserved 1058816K
  class space    used 371K, capacity 687K, committed 768K, reserved 1048576K
}
Event: 62.903 GC heap before
{Heap before GC invocations=12 (full 0):
 garbage-first heap   total 312320K, used 172909K [0x0000000702200000, 0x0000000800000000)
  region size 1024K, 35 young (35840K), 7 survivors (7168K)
 Metaspace       used 7761K, capacity 10595K, committed 10752K, reserved 1058816K
  class space    used 371K, capacity 687K, committed 768K, reserved 1048576K
}
Event: 62.939 GC heap after
{Heap after GC invocations=13 (full 0):
 garbage-first heap   total 312320K, used 154108K [0x0000000702200000, 0x0000000800000000)
  region size 1024K, 5 young (5120K), 5 survivors (5120K)
 Metaspace       used 7761K, capacity 10595K, committed 10752K, reserved 1058816K
  class space    used 371K, capacity 687K, committed 768K, reserved 1048576K
}
Event: 77.756 GC heap before
{Heap before GC invocations=13 (full 0):
 garbage-first heap   total 312320K, used 215548K [0x0000000702200000, 0x0000000800000000)
  region size 1024K, 65 young (66560K), 5 survivors (5120K)
 Metaspace       used 7772K, capacity 10595K, committed 10752K, reserved 1058816K
  class space    used 371K, capacity 687K, committed 768K, reserved 1048576K
}
Event: 77.832 GC heap after
{Heap after GC invocations=14 (full 0):
 garbage-first heap   total 312320K, used 183285K [0x0000000702200000, 0x0000000800000000)
  region size 1024K, 9 young (9216K), 9 survivors (9216K)
 Metaspace       used 7772K, capacity 10595K, committed 10752K, reserved 1058816K
  class space    used 371K, capacity 687K, committed 768K, reserved 1048576K
}
Event: 87.329 GC heap before
{Heap before GC invocations=15 (full 0):
 garbage-first heap   total 312320K, used 227317K [0x0000000702200000, 0x0000000800000000)
  region size 1024K, 52 young (53248K), 9 survivors (9216K)
 Metaspace       used 7772K, capacity 10595K, committed 10752K, reserved 1058816K
  class space    used 371K, capacity 687K, committed 768K, reserved 1048576K
}
Event: 87.554 GC heap after
{Heap after GC invocations=16 (full 0):
 garbage-first heap   total 312320K, used 199168K [0x0000000702200000, 0x0000000800000000)
  region size 1024K, 7 young (7168K), 7 survivors (7168K)
 Metaspace       used 7772K, capacity 10595K, committed 10752K, reserved 1058816K
  class space    used 371K, capacity 687K, committed 768K, reserved 1048576K
}
Event: 89.103 GC heap before
{Heap before GC invocations=16 (full 0):
 garbage-first heap   total 312320K, used 207360K [0x0000000702200000, 0x0000000800000000)
  region size 1024K, 15 young (15360K), 7 survivors (7168K)
 Metaspace       used 7772K, capacity 10595K, committed 10752K, reserved 1058816K
  class space    used 371K, capacity 687K, committed 768K, reserved 1048576K
}
Event: 89.194 GC heap after
{Heap after GC invocations=17 (full 0):
 garbage-first heap   total 450560K, used 165860K [0x0000000702200000, 0x0000000800000000)
  region size 1024K, 2 young (2048K), 2 survivors (2048K)
 Metaspace       used 7772K, capacity 10595K, committed 10752K, reserved 1058816K
  class space    used 371K, capacity 687K, committed 768K, reserved 1048576K
}
Event: 94.245 GC heap before
{Heap before GC invocations=17 (full 0):
 garbage-first heap   total 450560K, used 186340K [0x0000000702200000, 0x0000000800000000)
  region size 1024K, 22 young (22528K), 2 survivors (2048K)
 Metaspace       used 7772K, capacity 10595K, committed 10752K, reserved 1058816K
  class space    used 371K, capacity 687K, committed 768K, reserved 1048576K
}
Event: 94.273 GC heap after
{Heap after GC invocations=18 (full 0):
 garbage-first heap   total 450560K, used 156949K [0x0000000702200000, 0x0000000800000000)
  region size 1024K, 3 young (3072K), 3 survivors (3072K)
 Metaspace       used 7772K, capacity 10595K, committed 10752K, reserved 1058816K
  class space    used 371K, capacity 687K, committed 768K, reserved 1048576K
}

