# JRE version: OpenJDK Runtime Environment (13.0.1+9) (build 13.0.1+9)
# Java VM: OpenJDK 64-Bit Server VM (13.0.1+9, mixed mode, sharing, tiered, compressed oops, g1 gc, windows-amd64)
Heap:
 garbage-first heap   total 578560K, used 404992K [0x0000000702200000, 0x0000000800000000)
  region size 1024K, 99 young (101376K), 13 survivors (13312K)
 Metaspace       used 7828K, capacity 10595K, committed 10752K, reserved 1058816K
  class space    used 375K, capacity 687K, committed 768K, reserved 1048576K
GC Heap History (20 events):
Event: 428.109 GC heap before
{Heap before GC invocations=64 (full 0):
 garbage-first heap   total 369664K, used 330657K [0x0000000702200000, 0x0000000800000000)
  region size 1024K, 18 young (18432K), 3 survivors (3072K)
 Metaspace       used 7828K, capacity 10595K, committed 10752K, reserved 1058816K
  class space    used 375K, capacity 687K, committed 768K, reserved 1048576K
}
Event: 428.128 GC heap after
{Heap after GC invocations=65 (full 0):
 garbage-first heap   total 369664K, used 320512K [0x0000000702200000, 0x0000000800000000)
  region size 1024K, 3 young (3072K), 3 survivors (3072K)
 Metaspace       used 7828K, capacity 10595K, committed 10752K, reserved 1058816K
  class space    used 375K, capacity 687K, committed 768K, reserved 1048576K
}
Event: 432.463 GC heap before
{Heap before GC invocations=66 (full 0):
 garbage-first heap   total 508928K, used 318464K [0x0000000702200000, 0x0000000800000000)
  region size 1024K, 18 young (18432K), 3 survivors (3072K)
 Metaspace       used 7828K, capacity 10595K, committed 10752K, reserved 1058816K
  class space    used 375K, capacity 687K, committed 768K, reserved 1048576K
}
Event: 432.485 GC heap after
{Heap after GC invocations=67 (full 0):
 garbage-first heap   total 508928K, used 308006K [0x0000000702200000, 0x0000000800000000)
  region size 1024K, 3 young (3072K), 3 survivors (3072K)
 Metaspace       used 7828K, capacity 10595K, committed 10752K, reserved 1058816K
  class space    used 375K, capacity 687K, committed 768K, reserved 1048576K
}
Event: 436.995 GC heap before
{Heap before GC invocations=67 (full 0):
 garbage-first heap   total 508928K, used 329510K [0x0000000702200000, 0x0000000800000000)
  region size 1024K, 24 young (24576K), 3 survivors (3072K)
 Metaspace       used 7828K, capacity 10595K, committed 10752K, reserved 1058816K
  class space    used 375K, capacity 687K, committed 768K, reserved 1048576K
}
Event: 437.023 GC heap after
{Heap after GC invocations=68 (full 0):
 garbage-first heap   total 508928K, used 269092K [0x0000000702200000, 0x0000000800000000)
  region size 1024K, 3 young (3072K), 3 survivors (3072K)
 Metaspace       used 7828K, capacity 10595K, committed 10752K, reserved 1058816K
  class space    used 375K, capacity 687K, committed 768K, reserved 1048576K
}
Event: 440.816 GC heap before
{Heap before GC invocations=68 (full 0):
 garbage-first heap   total 508928K, used 290596K [0x0000000702200000, 0x0000000800000000)
  region size 1024K, 24 young (24576K), 3 survivors (3072K)
 Metaspace       used 7828K, capacity 10595K, committed 10752K, reserved 1058816K
  class space    used 375K, capacity 687K, committed 768K, reserved 1048576K
}
Event: 440.847 GC heap after
{Heap after GC invocations=69 (full 0):
 garbage-first heap   total 508928K, used 229618K [0x0000000702200000, 0x0000000800000000)
  region size 1024K, 3 young (3072K), 3 survivors (3072K)
 Metaspace       used 7828K, capacity 10595K, committed 10752K, reserved 1058816K
  class space    used 375K, capacity 687K, committed 768K, reserved 1048576K
}
Event: 444.526 GC heap before
{Heap before GC invocations=69 (full 0):
 garbage-first heap   total 508928K, used 251122K [0x0000000702200000, 0x0000000800000000)
  region size 1024K, 24 young (24576K), 3 survivors (3072K)
 Metaspace       used 7828K, capacity 10595K, committed 10752K, reserved 1058816K
  class space    used 375K, capacity 687K, committed 768K, reserved 1048576K
}
Event: 444.559 GC heap after
{Heap after GC invocations=70 (full 0):
 garbage-first heap   total 508928K, used 190222K [0x0000000702200000, 0x0000000800000000)
  region size 1024K, 3 young (3072K), 3 survivors (3072K)
 Metaspace       used 7828K, capacity 10595K, committed 10752K, reserved 1058816K
  class space    used 375K, capacity 687K, committed 768K, reserved 1048576K
}
Event: 448.417 GC heap before
{Heap before GC invocations=70 (full 0):
 garbage-first heap   total 508928K, used 211726K [0x0000000702200000, 0x0000000800000000)
  region size 1024K, 24 young (24576K), 3 survivors (3072K)
 Metaspace       used 7828K, capacity 10595K, committed 10752K, reserved 1058816K
  class space    used 375K, capacity 687K, committed 768K, reserved 1048576K
}
Event: 448.558 GC heap after
{Heap after GC invocations=71 (full 0):
 garbage-first heap   total 508928K, used 151552K [0x0000000702200000, 0x0000000800000000)
  region size 1024K, 3 young (3072K), 3 survivors (3072K)
 Metaspace       used 7828K, capacity 10595K, committed 10752K, reserved 1058816K
  class space    used 375K, capacity 687K, committed 768K, reserved 1048576K
}
Event: 452.948 GC heap before
{Heap before GC invocations=71 (full 0):
 garbage-first heap   total 508928K, used 173056K [0x0000000702200000, 0x0000000800000000)
  region size 1024K, 24 young (24576K), 3 survivors (3072K)
 Metaspace       used 7828K, capacity 10595K, committed 10752K, reserved 1058816K
  class space    used 375K, capacity 687K, committed 768K, reserved 1048576K
}
Event: 452.974 GC heap after
{Heap after GC invocations=72 (full 0):
 garbage-first heap   total 508928K, used 111894K [0x0000000702200000, 0x0000000800000000)
  region size 1024K, 3 young (3072K), 3 survivors (3072K)
 Metaspace       used 7828K, capacity 10595K, committed 10752K, reserved 1058816K
  class space    used 375K, capacity 687K, committed 768K, reserved 1048576K
}
Event: 516.108 GC heap before
{Heap before GC invocations=72 (full 0):
 garbage-first heap   total 508928K, used 408854K [0x0000000702200000, 0x0000000800000000)
  region size 1024K, 293 young (300032K), 3 survivors (3072K)
 Metaspace       used 7828K, capacity 10595K, committed 10752K, reserved 1058816K
  class space    used 375K, capacity 687K, committed 768K, reserved 1048576K
}
Event: 517.743 GC heap after
{Heap after GC invocations=73 (full 0):
 garbage-first heap   total 578560K, used 277755K [0x0000000702200000, 0x0000000800000000)
  region size 1024K, 37 young (37888K), 37 survivors (37888K)
 Metaspace       used 7828K, capacity 10595K, committed 10752K, reserved 1058816K
  class space    used 375K, capacity 687K, committed 768K, reserved 1048576K
}
Event: 540.937 GC heap before
{Heap before GC invocations=73 (full 0):
 garbage-first heap   total 578560K, used 367867K [0x0000000702200000, 0x0000000800000000)
  region size 1024K, 125 young (128000K), 37 survivors (37888K)
 Metaspace       used 7828K, capacity 10595K, committed 10752K, reserved 1058816K
  class space    used 375K, capacity 687K, committed 768K, reserved 1048576K
}
Event: 541.047 GC heap after
{Heap after GC invocations=74 (full 0):
 garbage-first heap   total 578560K, used 287744K [0x0000000702200000, 0x0000000800000000)
  region size 1024K, 16 young (16384K), 16 survivors (16384K)
 Metaspace       used 7828K, capacity 10595K, committed 10752K, reserved 1058816K
  class space    used 375K, capacity 687K, committed 768K, reserved 1048576K
}
Event: 555.142 GC heap before
{Heap before GC invocations=74 (full 0):
 garbage-first heap   total 578560K, used 370688K [0x0000000702200000, 0x0000000800000000)
  region size 1024K, 97 young (99328K), 16 survivors (16384K)
 Metaspace       used 7828K, capacity 10595K, committed 10752K, reserved 1058816K
  class space    used 375K, capacity 687K, committed 768K, reserved 1048576K
}
Event: 555.241 GC heap after
{Heap after GC invocations=75 (full 0):
 garbage-first heap   total 578560K, used 317952K [0x0000000702200000, 0x0000000800000000)
  region size 1024K, 13 young (13312K), 13 survivors (13312K)
 Metaspace       used 7828K, capacity 10595K, committed 10752K, reserved 1058816K
  class space    used 375K, capacity 687K, committed 768K, reserved 1048576K
}

