# JRE version: OpenJDK Runtime Environment (13.0.1+9) (build 13.0.1+9)
# Java VM: OpenJDK 64-Bit Server VM (13.0.1+9, mixed mode, sharing, tiered, compressed oops, g1 gc, windows-amd64)
Heap:
 garbage-first heap   total 313344K, used 115864K [0x0000000702200000, 0x0000000800000000)
  region size 1024K, 9 young (9216K), 2 survivors (2048K)
 Metaspace       used 7720K, capacity 10531K, committed 10752K, reserved 1058816K
  class space    used 367K, capacity 687K, committed 768K, reserved 1048576K
GC Heap History (20 events):
Event: 29.763 GC heap before
{Heap before GC invocations=4 (full 0):
 garbage-first heap   total 260096K, used 78848K [0x0000000702200000, 0x0000000800000000)
  region size 1024K, 12 young (12288K), 2 survivors (2048K)
 Metaspace       used 7720K, capacity 10531K, committed 10752K, reserved 1058816K
  class space    used 367K, capacity 687K, committed 768K, reserved 1048576K
}
Event: 29.779 GC heap after
{Heap after GC invocations=5 (full 0):
 garbage-first heap   total 260096K, used 72257K [0x0000000702200000, 0x0000000800000000)
  region size 1024K, 2 young (2048K), 2 survivors (2048K)
 Metaspace       used 7720K, capacity 10531K, committed 10752K, reserved 1058816K
  class space    used 367K, capacity 687K, committed 768K, reserved 1048576K
}
Event: 31.815 GC heap before
{Heap before GC invocations=5 (full 0):
 garbage-first heap   total 260096K, used 82497K [0x0000000702200000, 0x0000000800000000)
  region size 1024K, 12 young (12288K), 2 survivors (2048K)
 Metaspace       used 7720K, capacity 10531K, committed 10752K, reserved 1058816K
  class space    used 367K, capacity 687K, committed 768K, reserved 1048576K
}
Event: 31.832 GC heap after
{Heap after GC invocations=6 (full 0):
 garbage-first heap   total 260096K, used 75621K [0x0000000702200000, 0x0000000800000000)
  region size 1024K, 2 young (2048K), 2 survivors (2048K)
 Metaspace       used 7720K, capacity 10531K, committed 10752K, reserved 1058816K
  class space    used 367K, capacity 687K, committed 768K, reserved 1048576K
}
Event: 33.880 GC heap before
{Heap before GC invocations=6 (full 0):
 garbage-first heap   total 260096K, used 85861K [0x0000000702200000, 0x0000000800000000)
  region size 1024K, 12 young (12288K), 2 survivors (2048K)
 Metaspace       used 7720K, capacity 10531K, committed 10752K, reserved 1058816K
  class space    used 367K, capacity 687K, committed 768K, reserved 1048576K
}
Event: 33.896 GC heap after
{Heap after GC invocations=7 (full 0):
 garbage-first heap   total 260096K, used 78954K [0x0000000702200000, 0x0000000800000000)
  region size 1024K, 2 young (2048K), 2 survivors (2048K)
 Metaspace       used 7720K, capacity 10531K, committed 10752K, reserved 1058816K
  class space    used 367K, capacity 687K, committed 768K, reserved 1048576K
}
Event: 35.945 GC heap before
{Heap before GC invocations=7 (full 0):
 garbage-first heap   total 260096K, used 89194K [0x0000000702200000, 0x0000000800000000)
  region size 1024K, 12 young (12288K), 2 survivors (2048K)
 Metaspace       used 7720K, capacity 10531K, committed 10752K, reserved 1058816K
  class space    used 367K, capacity 687K, committed 768K, reserved 1048576K
}
Event: 35.961 GC heap after
{Heap after GC invocations=8 (full 0):
 garbage-first heap   total 260096K, used 82333K [0x0000000702200000, 0x0000000800000000)
  region size 1024K, 2 young (2048K), 2 survivors (2048K)
 Metaspace       used 7720K, capacity 10531K, committed 10752K, reserved 1058816K
  class space    used 367K, capacity 687K, committed 768K, reserved 1048576K
}
Event: 43.879 GC heap before
{Heap before GC invocations=8 (full 0):
 garbage-first heap   total 260096K, used 121245K [0x0000000702200000, 0x0000000800000000)
  region size 1024K, 40 young (40960K), 2 survivors (2048K)
 Metaspace       used 7720K, capacity 10531K, committed 10752K, reserved 1058816K
  class space    used 367K, capacity 687K, committed 768K, reserved 1048576K
}
Event: 43.937 GC heap after
{Heap after GC invocations=9 (full 0):
 garbage-first heap   total 260096K, used 102502K [0x0000000702200000, 0x0000000800000000)
  region size 1024K, 5 young (5120K), 5 survivors (5120K)
 Metaspace       used 7720K, capacity 10531K, committed 10752K, reserved 1058816K
  class space    used 367K, capacity 687K, committed 768K, reserved 1048576K
}
Event: 58.459 GC heap before
{Heap before GC invocations=9 (full 0):
 garbage-first heap   total 260096K, used 174182K [0x0000000702200000, 0x0000000800000000)
  region size 1024K, 75 young (76800K), 5 survivors (5120K)
 Metaspace       used 7720K, capacity 10531K, committed 10752K, reserved 1058816K
  class space    used 367K, capacity 687K, committed 768K, reserved 1048576K
}
Event: 58.565 GC heap after
{Heap after GC invocations=10 (full 0):
 garbage-first heap   total 260096K, used 138240K [0x0000000702200000, 0x0000000800000000)
  region size 1024K, 10 young (10240K), 10 survivors (10240K)
 Metaspace       used 7720K, capacity 10531K, committed 10752K, reserved 1058816K
  class space    used 367K, capacity 687K, committed 768K, reserved 1048576K
}
Event: 68.158 GC heap before
{Heap before GC invocations=10 (full 0):
 garbage-first heap   total 260096K, used 185344K [0x0000000702200000, 0x0000000800000000)
  region size 1024K, 56 young (57344K), 10 survivors (10240K)
 Metaspace       used 7720K, capacity 10531K, committed 10752K, reserved 1058816K
  class space    used 367K, capacity 687K, committed 768K, reserved 1048576K
}
Event: 68.228 GC heap after
{Heap after GC invocations=11 (full 0):
 garbage-first heap   total 260096K, used 155136K [0x0000000702200000, 0x0000000800000000)
  region size 1024K, 7 young (7168K), 7 survivors (7168K)
 Metaspace       used 7720K, capacity 10531K, committed 10752K, reserved 1058816K
  class space    used 367K, capacity 687K, committed 768K, reserved 1048576K
}
Event: 78.342 GC heap before
{Heap before GC invocations=12 (full 0):
 garbage-first heap   total 261120K, used 189952K [0x0000000702200000, 0x0000000800000000)
  region size 1024K, 41 young (41984K), 7 survivors (7168K)
 Metaspace       used 7720K, capacity 10531K, committed 10752K, reserved 1058816K
  class space    used 367K, capacity 687K, committed 768K, reserved 1048576K
}
Event: 78.395 GC heap after
{Heap after GC invocations=13 (full 0):
 garbage-first heap   total 313344K, used 167424K [0x0000000702200000, 0x0000000800000000)
  region size 1024K, 6 young (6144K), 6 survivors (6144K)
 Metaspace       used 7720K, capacity 10531K, committed 10752K, reserved 1058816K
  class space    used 367K, capacity 687K, committed 768K, reserved 1048576K
}
Event: 81.492 GC heap before
{Heap before GC invocations=13 (full 0):
 garbage-first heap   total 313344K, used 176640K [0x0000000702200000, 0x0000000800000000)
  region size 1024K, 15 young (15360K), 6 survivors (6144K)
 Metaspace       used 7720K, capacity 10531K, committed 10752K, reserved 1058816K
  class space    used 367K, capacity 687K, committed 768K, reserved 1048576K
}
Event: 81.506 GC heap after
{Heap after GC invocations=14 (full 0):
 garbage-first heap   total 313344K, used 135168K [0x0000000702200000, 0x0000000800000000)
  region size 1024K, 2 young (2048K), 2 survivors (2048K)
 Metaspace       used 7720K, capacity 10531K, committed 10752K, reserved 1058816K
  class space    used 367K, capacity 687K, committed 768K, reserved 1048576K
}
Event: 86.377 GC heap before
{Heap before GC invocations=14 (full 0):
 garbage-first heap   total 313344K, used 148480K [0x0000000702200000, 0x0000000800000000)
  region size 1024K, 15 young (15360K), 2 survivors (2048K)
 Metaspace       used 7720K, capacity 10531K, committed 10752K, reserved 1058816K
  class space    used 367K, capacity 687K, committed 768K, reserved 1048576K
}
Event: 86.401 GC heap after
{Heap after GC invocations=15 (full 0):
 garbage-first heap   total 313344K, used 109720K [0x0000000702200000, 0x0000000800000000)
  region size 1024K, 2 young (2048K), 2 survivors (2048K)
 Metaspace       used 7720K, capacity 10531K, committed 10752K, reserved 1058816K
  class space    used 367K, capacity 687K, committed 768K, reserved 1048576K
}

