# JRE version: Java(TM) SE Runtime Environment (13.0.2+8) (build 13.0.2+8)
# Java VM: Java HotSpot(TM) 64-Bit Server VM (13.0.2+8, mixed mode, sharing, tiered, compressed oops, g1 gc, windows-amd64)
Heap:
 garbage-first heap   total 374784K, used 103318K [0x0000000702200000, 0x0000000800000000)
  region size 1024K, 79 young (80896K), 6 survivors (6144K)
 Metaspace       used 7904K, capacity 10665K, committed 11008K, reserved 1058816K
  class space    used 379K, capacity 689K, committed 768K, reserved 1048576K
GC Heap History (20 events):
Event: 392.053 GC heap before
{Heap before GC invocations=249 (full 0):
 garbage-first heap   total 374784K, used 246946K [0x0000000702200000, 0x0000000800000000)
  region size 1024K, 219 young (224256K), 7 survivors (7168K)
 Metaspace       used 7904K, capacity 10665K, committed 11008K, reserved 1058816K
  class space    used 379K, capacity 689K, committed 768K, reserved 1048576K
}
Event: 392.075 GC heap after
{Heap after GC invocations=250 (full 0):
 garbage-first heap   total 374784K, used 30614K [0x0000000702200000, 0x0000000800000000)
  region size 1024K, 7 young (7168K), 7 survivors (7168K)
 Metaspace       used 7904K, capacity 10665K, committed 11008K, reserved 1058816K
  class space    used 379K, capacity 689K, committed 768K, reserved 1048576K
}
Event: 394.323 GC heap before
{Heap before GC invocations=250 (full 0):
 garbage-first heap   total 374784K, used 247702K [0x0000000702200000, 0x0000000800000000)
  region size 1024K, 219 young (224256K), 7 survivors (7168K)
 Metaspace       used 7904K, capacity 10665K, committed 11008K, reserved 1058816K
  class space    used 379K, capacity 689K, committed 768K, reserved 1048576K
}
Event: 394.343 GC heap after
{Heap after GC invocations=251 (full 0):
 garbage-first heap   total 374784K, used 30228K [0x0000000702200000, 0x0000000800000000)
  region size 1024K, 7 young (7168K), 7 survivors (7168K)
 Metaspace       used 7904K, capacity 10665K, committed 11008K, reserved 1058816K
  class space    used 379K, capacity 689K, committed 768K, reserved 1048576K
}
Event: 396.069 GC heap before
{Heap before GC invocations=251 (full 0):
 garbage-first heap   total 374784K, used 247316K [0x0000000702200000, 0x0000000800000000)
  region size 1024K, 219 young (224256K), 7 survivors (7168K)
 Metaspace       used 7904K, capacity 10665K, committed 11008K, reserved 1058816K
  class space    used 379K, capacity 689K, committed 768K, reserved 1048576K
}
Event: 396.085 GC heap after
{Heap after GC invocations=252 (full 0):
 garbage-first heap   total 374784K, used 28876K [0x0000000702200000, 0x0000000800000000)
  region size 1024K, 6 young (6144K), 6 survivors (6144K)
 Metaspace       used 7904K, capacity 10665K, committed 11008K, reserved 1058816K
  class space    used 379K, capacity 689K, committed 768K, reserved 1048576K
}
Event: 398.238 GC heap before
{Heap before GC invocations=252 (full 0):
 garbage-first heap   total 374784K, used 246988K [0x0000000702200000, 0x0000000800000000)
  region size 1024K, 219 young (224256K), 6 survivors (6144K)
 Metaspace       used 7904K, capacity 10665K, committed 11008K, reserved 1058816K
  class space    used 379K, capacity 689K, committed 768K, reserved 1048576K
}
Event: 398.258 GC heap after
{Heap after GC invocations=253 (full 0):
 garbage-first heap   total 374784K, used 29845K [0x0000000702200000, 0x0000000800000000)
  region size 1024K, 7 young (7168K), 7 survivors (7168K)
 Metaspace       used 7904K, capacity 10665K, committed 11008K, reserved 1058816K
  class space    used 379K, capacity 689K, committed 768K, reserved 1048576K
}
Event: 400.388 GC heap before
{Heap before GC invocations=253 (full 0):
 garbage-first heap   total 374784K, used 246933K [0x0000000702200000, 0x0000000800000000)
  region size 1024K, 219 young (224256K), 7 survivors (7168K)
 Metaspace       used 7904K, capacity 10665K, committed 11008K, reserved 1058816K
  class space    used 379K, capacity 689K, committed 768K, reserved 1048576K
}
Event: 400.408 GC heap after
{Heap after GC invocations=254 (full 0):
 garbage-first heap   total 374784K, used 29732K [0x0000000702200000, 0x0000000800000000)
  region size 1024K, 7 young (7168K), 7 survivors (7168K)
 Metaspace       used 7904K, capacity 10665K, committed 11008K, reserved 1058816K
  class space    used 379K, capacity 689K, committed 768K, reserved 1048576K
}
Event: 402.638 GC heap before
{Heap before GC invocations=254 (full 0):
 garbage-first heap   total 374784K, used 246820K [0x0000000702200000, 0x0000000800000000)
  region size 1024K, 219 young (224256K), 7 survivors (7168K)
 Metaspace       used 7904K, capacity 10665K, committed 11008K, reserved 1058816K
  class space    used 379K, capacity 689K, committed 768K, reserved 1048576K
}
Event: 402.659 GC heap after
{Heap after GC invocations=255 (full 0):
 garbage-first heap   total 374784K, used 30313K [0x0000000702200000, 0x0000000800000000)
  region size 1024K, 7 young (7168K), 7 survivors (7168K)
 Metaspace       used 7904K, capacity 10665K, committed 11008K, reserved 1058816K
  class space    used 379K, capacity 689K, committed 768K, reserved 1048576K
}
Event: 404.889 GC heap before
{Heap before GC invocations=255 (full 0):
 garbage-first heap   total 374784K, used 247401K [0x0000000702200000, 0x0000000800000000)
  region size 1024K, 219 young (224256K), 7 survivors (7168K)
 Metaspace       used 7904K, capacity 10665K, committed 11008K, reserved 1058816K
  class space    used 379K, capacity 689K, committed 768K, reserved 1048576K
}
Event: 404.909 GC heap after
{Heap after GC invocations=256 (full 0):
 garbage-first heap   total 374784K, used 30191K [0x0000000702200000, 0x0000000800000000)
  region size 1024K, 7 young (7168K), 7 survivors (7168K)
 Metaspace       used 7904K, capacity 10665K, committed 11008K, reserved 1058816K
  class space    used 379K, capacity 689K, committed 768K, reserved 1048576K
}
Event: 407.469 GC heap before
{Heap before GC invocations=256 (full 0):
 garbage-first heap   total 374784K, used 247279K [0x0000000702200000, 0x0000000800000000)
  region size 1024K, 219 young (224256K), 7 survivors (7168K)
 Metaspace       used 7904K, capacity 10665K, committed 11008K, reserved 1058816K
  class space    used 379K, capacity 689K, committed 768K, reserved 1048576K
}
Event: 407.492 GC heap after
{Heap after GC invocations=257 (full 0):
 garbage-first heap   total 374784K, used 31069K [0x0000000702200000, 0x0000000800000000)
  region size 1024K, 8 young (8192K), 8 survivors (8192K)
 Metaspace       used 7904K, capacity 10665K, committed 11008K, reserved 1058816K
  class space    used 379K, capacity 689K, committed 768K, reserved 1048576K
}
Event: 409.823 GC heap before
{Heap before GC invocations=257 (full 0):
 garbage-first heap   total 374784K, used 247133K [0x0000000702200000, 0x0000000800000000)
  region size 1024K, 219 young (224256K), 8 survivors (8192K)
 Metaspace       used 7904K, capacity 10665K, committed 11008K, reserved 1058816K
  class space    used 379K, capacity 689K, committed 768K, reserved 1048576K
}
Event: 409.844 GC heap after
{Heap after GC invocations=258 (full 0):
 garbage-first heap   total 374784K, used 30614K [0x0000000702200000, 0x0000000800000000)
  region size 1024K, 7 young (7168K), 7 survivors (7168K)
 Metaspace       used 7904K, capacity 10665K, committed 11008K, reserved 1058816K
  class space    used 379K, capacity 689K, committed 768K, reserved 1048576K
}
Event: 411.822 GC heap before
{Heap before GC invocations=258 (full 0):
 garbage-first heap   total 374784K, used 247702K [0x0000000702200000, 0x0000000800000000)
  region size 1024K, 219 young (224256K), 7 survivors (7168K)
 Metaspace       used 7904K, capacity 10665K, committed 11008K, reserved 1058816K
  class space    used 379K, capacity 689K, committed 768K, reserved 1048576K
}
Event: 411.840 GC heap after
{Heap after GC invocations=259 (full 0):
 garbage-first heap   total 374784K, used 29590K [0x0000000702200000, 0x0000000800000000)
  region size 1024K, 6 young (6144K), 6 survivors (6144K)
 Metaspace       used 7904K, capacity 10665K, committed 11008K, reserved 1058816K
  class space    used 379K, capacity 689K, committed 768K, reserved 1048576K
}

