# JRE version: Java(TM) SE Runtime Environment (13.0.2+8) (build 13.0.2+8)
# Java VM: Java HotSpot(TM) 64-Bit Server VM (13.0.2+8, mixed mode, sharing, tiered, compressed oops, g1 gc, windows-amd64)
Heap:
 garbage-first heap   total 450560K, used 126273K [0x0000000702200000, 0x0000000800000000)
  region size 1024K, 120 young (122880K), 6 survivors (6144K)
 Metaspace       used 7935K, capacity 10664K, committed 11008K, reserved 1058816K
  class space    used 381K, capacity 689K, committed 768K, reserved 1048576K
GC Heap History (20 events):
Event: 793.974 GC heap before
{Heap before GC invocations=385 (full 0):
 garbage-first heap   total 450560K, used 273942K [0x0000000702200000, 0x0000000800000000)
  region size 1024K, 264 young (270336K), 7 survivors (7168K)
 Metaspace       used 7935K, capacity 10664K, committed 11008K, reserved 1058816K
  class space    used 381K, capacity 689K, committed 768K, reserved 1048576K
}
Event: 793.996 GC heap after
{Heap after GC invocations=386 (full 0):
 garbage-first heap   total 450560K, used 10465K [0x0000000702200000, 0x0000000800000000)
  region size 1024K, 6 young (6144K), 6 survivors (6144K)
 Metaspace       used 7935K, capacity 10664K, committed 11008K, reserved 1058816K
  class space    used 381K, capacity 689K, committed 768K, reserved 1048576K
}
Event: 796.492 GC heap before
{Heap before GC invocations=386 (full 0):
 garbage-first heap   total 450560K, used 274657K [0x0000000702200000, 0x0000000800000000)
  region size 1024K, 264 young (270336K), 6 survivors (6144K)
 Metaspace       used 7935K, capacity 10664K, committed 11008K, reserved 1058816K
  class space    used 381K, capacity 689K, committed 768K, reserved 1048576K
}
Event: 796.518 GC heap after
{Heap after GC invocations=387 (full 0):
 garbage-first heap   total 450560K, used 11453K [0x0000000702200000, 0x0000000800000000)
  region size 1024K, 7 young (7168K), 7 survivors (7168K)
 Metaspace       used 7935K, capacity 10664K, committed 11008K, reserved 1058816K
  class space    used 381K, capacity 689K, committed 768K, reserved 1048576K
}
Event: 798.741 GC heap before
{Heap before GC invocations=387 (full 0):
 garbage-first heap   total 450560K, used 274621K [0x0000000702200000, 0x0000000800000000)
  region size 1024K, 264 young (270336K), 7 survivors (7168K)
 Metaspace       used 7935K, capacity 10664K, committed 11008K, reserved 1058816K
  class space    used 381K, capacity 689K, committed 768K, reserved 1048576K
}
Event: 798.764 GC heap after
{Heap after GC invocations=388 (full 0):
 garbage-first heap   total 450560K, used 10939K [0x0000000702200000, 0x0000000800000000)
  region size 1024K, 7 young (7168K), 7 survivors (7168K)
 Metaspace       used 7935K, capacity 10664K, committed 11008K, reserved 1058816K
  class space    used 381K, capacity 689K, committed 768K, reserved 1048576K
}
Event: 801.064 GC heap before
{Heap before GC invocations=388 (full 0):
 garbage-first heap   total 450560K, used 274107K [0x0000000702200000, 0x0000000800000000)
  region size 1024K, 264 young (270336K), 7 survivors (7168K)
 Metaspace       used 7935K, capacity 10664K, committed 11008K, reserved 1058816K
  class space    used 381K, capacity 689K, committed 768K, reserved 1048576K
}
Event: 801.089 GC heap after
{Heap after GC invocations=389 (full 0):
 garbage-first heap   total 450560K, used 10922K [0x0000000702200000, 0x0000000800000000)
  region size 1024K, 7 young (7168K), 7 survivors (7168K)
 Metaspace       used 7935K, capacity 10664K, committed 11008K, reserved 1058816K
  class space    used 381K, capacity 689K, committed 768K, reserved 1048576K
}
Event: 803.230 GC heap before
{Heap before GC invocations=389 (full 0):
 garbage-first heap   total 450560K, used 274090K [0x0000000702200000, 0x0000000800000000)
  region size 1024K, 264 young (270336K), 7 survivors (7168K)
 Metaspace       used 7935K, capacity 10664K, committed 11008K, reserved 1058816K
  class space    used 381K, capacity 689K, committed 768K, reserved 1048576K
}
Event: 803.251 GC heap after
{Heap after GC invocations=390 (full 0):
 garbage-first heap   total 450560K, used 10629K [0x0000000702200000, 0x0000000800000000)
  region size 1024K, 6 young (6144K), 6 survivors (6144K)
 Metaspace       used 7935K, capacity 10664K, committed 11008K, reserved 1058816K
  class space    used 381K, capacity 689K, committed 768K, reserved 1048576K
}
Event: 805.188 GC heap before
{Heap before GC invocations=390 (full 0):
 garbage-first heap   total 450560K, used 274821K [0x0000000702200000, 0x0000000800000000)
  region size 1024K, 264 young (270336K), 6 survivors (6144K)
 Metaspace       used 7935K, capacity 10664K, committed 11008K, reserved 1058816K
  class space    used 381K, capacity 689K, committed 768K, reserved 1048576K
}
Event: 805.209 GC heap after
{Heap after GC invocations=391 (full 0):
 garbage-first heap   total 450560K, used 9886K [0x0000000702200000, 0x0000000800000000)
  region size 1024K, 6 young (6144K), 6 survivors (6144K)
 Metaspace       used 7935K, capacity 10664K, committed 11008K, reserved 1058816K
  class space    used 381K, capacity 689K, committed 768K, reserved 1048576K
}
Event: 807.095 GC heap before
{Heap before GC invocations=391 (full 0):
 garbage-first heap   total 450560K, used 274078K [0x0000000702200000, 0x0000000800000000)
  region size 1024K, 264 young (270336K), 6 survivors (6144K)
 Metaspace       used 7935K, capacity 10664K, committed 11008K, reserved 1058816K
  class space    used 381K, capacity 689K, committed 768K, reserved 1048576K
}
Event: 807.116 GC heap after
{Heap after GC invocations=392 (full 0):
 garbage-first heap   total 450560K, used 9605K [0x0000000702200000, 0x0000000800000000)
  region size 1024K, 5 young (5120K), 5 survivors (5120K)
 Metaspace       used 7935K, capacity 10664K, committed 11008K, reserved 1058816K
  class space    used 381K, capacity 689K, committed 768K, reserved 1048576K
}
Event: 808.962 GC heap before
{Heap before GC invocations=392 (full 0):
 garbage-first heap   total 450560K, used 274821K [0x0000000702200000, 0x0000000800000000)
  region size 1024K, 264 young (270336K), 5 survivors (5120K)
 Metaspace       used 7935K, capacity 10664K, committed 11008K, reserved 1058816K
  class space    used 381K, capacity 689K, committed 768K, reserved 1048576K
}
Event: 808.982 GC heap after
{Heap after GC invocations=393 (full 0):
 garbage-first heap   total 450560K, used 9569K [0x0000000702200000, 0x0000000800000000)
  region size 1024K, 5 young (5120K), 5 survivors (5120K)
 Metaspace       used 7935K, capacity 10664K, committed 11008K, reserved 1058816K
  class space    used 381K, capacity 689K, committed 768K, reserved 1048576K
}
Event: 810.831 GC heap before
{Heap before GC invocations=393 (full 0):
 garbage-first heap   total 450560K, used 274785K [0x0000000702200000, 0x0000000800000000)
  region size 1024K, 264 young (270336K), 5 survivors (5120K)
 Metaspace       used 7935K, capacity 10664K, committed 11008K, reserved 1058816K
  class space    used 381K, capacity 689K, committed 768K, reserved 1048576K
}
Event: 810.851 GC heap after
{Heap after GC invocations=394 (full 0):
 garbage-first heap   total 450560K, used 9544K [0x0000000702200000, 0x0000000800000000)
  region size 1024K, 5 young (5120K), 5 survivors (5120K)
 Metaspace       used 7935K, capacity 10664K, committed 11008K, reserved 1058816K
  class space    used 381K, capacity 689K, committed 768K, reserved 1048576K
}
Event: 813.160 GC heap before
{Heap before GC invocations=394 (full 0):
 garbage-first heap   total 450560K, used 274760K [0x0000000702200000, 0x0000000800000000)
  region size 1024K, 264 young (270336K), 5 survivors (5120K)
 Metaspace       used 7935K, capacity 10664K, committed 11008K, reserved 1058816K
  class space    used 381K, capacity 689K, committed 768K, reserved 1048576K
}
Event: 813.183 GC heap after
{Heap after GC invocations=395 (full 0):
 garbage-first heap   total 450560K, used 10561K [0x0000000702200000, 0x0000000800000000)
  region size 1024K, 6 young (6144K), 6 survivors (6144K)
 Metaspace       used 7935K, capacity 10664K, committed 11008K, reserved 1058816K
  class space    used 381K, capacity 689K, committed 768K, reserved 1048576K
}

