# JRE version: OpenJDK Runtime Environment (13.0.1+9) (build 13.0.1+9)
# Java VM: OpenJDK 64-Bit Server VM (13.0.1+9, mixed mode, sharing, tiered, compressed oops, g1 gc, windows-amd64)
Heap:
 garbage-first heap   total 260096K, used 151848K [0x0000000702200000, 0x0000000800000000)
  region size 1024K, 51 young (52224K), 7 survivors (7168K)
 Metaspace       used 7772K, capacity 10595K, committed 10752K, reserved 1058816K
  class space    used 375K, capacity 687K, committed 768K, reserved 1048576K
GC Heap History (18 events):
Event: 2.432 GC heap before
{Heap before GC invocations=0 (full 0):
 garbage-first heap   total 260096K, used 23552K [0x0000000702200000, 0x0000000800000000)
  region size 1024K, 24 young (24576K), 0 survivors (0K)
 Metaspace       used 4217K, capacity 7464K, committed 7808K, reserved 1056768K
  class space    used 186K, capacity 517K, committed 640K, reserved 1048576K
}
Event: 2.436 GC heap after
{Heap after GC invocations=1 (full 0):
 garbage-first heap   total 260096K, used 2923K [0x0000000702200000, 0x0000000800000000)
  region size 1024K, 3 young (3072K), 3 survivors (3072K)
 Metaspace       used 4217K, capacity 7464K, committed 7808K, reserved 1056768K
  class space    used 186K, capacity 517K, committed 640K, reserved 1048576K
}
Event: 22.411 GC heap before
{Heap before GC invocations=1 (full 0):
 garbage-first heap   total 260096K, used 155499K [0x0000000702200000, 0x0000000800000000)
  region size 1024K, 152 young (155648K), 3 survivors (3072K)
 Metaspace       used 7768K, capacity 10595K, committed 10752K, reserved 1058816K
  class space    used 375K, capacity 687K, committed 768K, reserved 1048576K
}
Event: 22.660 GC heap after
{Heap after GC invocations=2 (full 0):
 garbage-first heap   total 260096K, used 71636K [0x0000000702200000, 0x0000000800000000)
  region size 1024K, 19 young (19456K), 19 survivors (19456K)
 Metaspace       used 7768K, capacity 10595K, committed 10752K, reserved 1058816K
  class space    used 375K, capacity 687K, committed 768K, reserved 1048576K
}
Event: 22.965 GC heap before
{Heap before GC invocations=2 (full 0):
 garbage-first heap   total 260096K, used 73684K [0x0000000702200000, 0x0000000800000000)
  region size 1024K, 21 young (21504K), 19 survivors (19456K)
 Metaspace       used 7772K, capacity 10595K, committed 10752K, reserved 1058816K
  class space    used 375K, capacity 687K, committed 768K, reserved 1048576K
}
Event: 22.989 GC heap after
{Heap after GC invocations=3 (full 0):
 garbage-first heap   total 260096K, used 61372K [0x0000000702200000, 0x0000000800000000)
  region size 1024K, 2 young (2048K), 2 survivors (2048K)
 Metaspace       used 7772K, capacity 10595K, committed 10752K, reserved 1058816K
  class space    used 375K, capacity 687K, committed 768K, reserved 1048576K
}
Event: 24.611 GC heap before
{Heap before GC invocations=3 (full 0):
 garbage-first heap   total 260096K, used 71612K [0x0000000702200000, 0x0000000800000000)
  region size 1024K, 12 young (12288K), 2 survivors (2048K)
 Metaspace       used 7772K, capacity 10595K, committed 10752K, reserved 1058816K
  class space    used 375K, capacity 687K, committed 768K, reserved 1048576K
}
Event: 24.628 GC heap after
{Heap after GC invocations=4 (full 0):
 garbage-first heap   total 260096K, used 65536K [0x0000000702200000, 0x0000000800000000)
  region size 1024K, 2 young (2048K), 2 survivors (2048K)
 Metaspace       used 7772K, capacity 10595K, committed 10752K, reserved 1058816K
  class space    used 375K, capacity 687K, committed 768K, reserved 1048576K
}
Event: 26.243 GC heap before
{Heap before GC invocations=4 (full 0):
 garbage-first heap   total 260096K, used 75776K [0x0000000702200000, 0x0000000800000000)
  region size 1024K, 12 young (12288K), 2 survivors (2048K)
 Metaspace       used 7772K, capacity 10595K, committed 10752K, reserved 1058816K
  class space    used 375K, capacity 687K, committed 768K, reserved 1048576K
}
Event: 26.260 GC heap after
{Heap after GC invocations=5 (full 0):
 garbage-first heap   total 260096K, used 68981K [0x0000000702200000, 0x0000000800000000)
  region size 1024K, 2 young (2048K), 2 survivors (2048K)
 Metaspace       used 7772K, capacity 10595K, committed 10752K, reserved 1058816K
  class space    used 375K, capacity 687K, committed 768K, reserved 1048576K
}
Event: 27.877 GC heap before
{Heap before GC invocations=5 (full 0):
 garbage-first heap   total 260096K, used 79221K [0x0000000702200000, 0x0000000800000000)
  region size 1024K, 12 young (12288K), 2 survivors (2048K)
 Metaspace       used 7772K, capacity 10595K, committed 10752K, reserved 1058816K
  class space    used 375K, capacity 687K, committed 768K, reserved 1048576K
}
Event: 27.894 GC heap after
{Heap after GC invocations=6 (full 0):
 garbage-first heap   total 260096K, used 72288K [0x0000000702200000, 0x0000000800000000)
  region size 1024K, 2 young (2048K), 2 survivors (2048K)
 Metaspace       used 7772K, capacity 10595K, committed 10752K, reserved 1058816K
  class space    used 375K, capacity 687K, committed 768K, reserved 1048576K
}
Event: 29.792 GC heap before
{Heap before GC invocations=6 (full 0):
 garbage-first heap   total 260096K, used 82528K [0x0000000702200000, 0x0000000800000000)
  region size 1024K, 12 young (12288K), 2 survivors (2048K)
 Metaspace       used 7772K, capacity 10595K, committed 10752K, reserved 1058816K
  class space    used 375K, capacity 687K, committed 768K, reserved 1048576K
}
Event: 29.807 GC heap after
{Heap after GC invocations=7 (full 0):
 garbage-first heap   total 260096K, used 75585K [0x0000000702200000, 0x0000000800000000)
  region size 1024K, 2 young (2048K), 2 survivors (2048K)
 Metaspace       used 7772K, capacity 10595K, committed 10752K, reserved 1058816K
  class space    used 375K, capacity 687K, committed 768K, reserved 1048576K
}
Event: 31.693 GC heap before
{Heap before GC invocations=7 (full 0):
 garbage-first heap   total 260096K, used 85825K [0x0000000702200000, 0x0000000800000000)
  region size 1024K, 12 young (12288K), 2 survivors (2048K)
 Metaspace       used 7772K, capacity 10595K, committed 10752K, reserved 1058816K
  class space    used 375K, capacity 687K, committed 768K, reserved 1048576K
}
Event: 31.710 GC heap after
{Heap after GC invocations=8 (full 0):
 garbage-first heap   total 260096K, used 78825K [0x0000000702200000, 0x0000000800000000)
  region size 1024K, 2 young (2048K), 2 survivors (2048K)
 Metaspace       used 7772K, capacity 10595K, committed 10752K, reserved 1058816K
  class space    used 375K, capacity 687K, committed 768K, reserved 1048576K
}
Event: 41.881 GC heap before
{Heap before GC invocations=8 (full 0):
 garbage-first heap   total 260096K, used 134121K [0x0000000702200000, 0x0000000800000000)
  region size 1024K, 56 young (57344K), 2 survivors (2048K)
 Metaspace       used 7772K, capacity 10595K, committed 10752K, reserved 1058816K
  class space    used 375K, capacity 687K, committed 768K, reserved 1048576K
}
Event: 41.964 GC heap after
{Heap after GC invocations=9 (full 0):
 garbage-first heap   total 260096K, used 107816K [0x0000000702200000, 0x0000000800000000)
  region size 1024K, 7 young (7168K), 7 survivors (7168K)
 Metaspace       used 7772K, capacity 10595K, committed 10752K, reserved 1058816K
  class space    used 375K, capacity 687K, committed 768K, reserved 1048576K
}

