Heap:
 garbage-first heap   total 568320K, used 449024K [0x0000000702200000, 0x0000000800000000)
  region size 1024K, 44 young (45056K), 8 survivors (8192K)
 Metaspace       used 7781K, capacity 10595K, committed 10752K, reserved 1058816K
  class space    used 372K, capacity 687K, committed 768K, reserved 1048576K
GC Heap History (20 events):
Event: 343.011 GC heap before
{Heap before GC invocations=68 (full 0):
 garbage-first heap   total 498688K, used 282577K [0x0000000702200000, 0x0000000800000000)
  region size 1024K, 24 young (24576K), 3 survivors (3072K)
 Metaspace       used 7781K, capacity 10595K, committed 10752K, reserved 1058816K
  class space    used 372K, capacity 687K, committed 768K, reserved 1048576K
}
Event: 343.037 GC heap after
{Heap after GC invocations=69 (full 0):
 garbage-first heap   total 498688K, used 221184K [0x0000000702200000, 0x0000000800000000)
  region size 1024K, 3 young (3072K), 3 survivors (3072K)
 Metaspace       used 7781K, capacity 10595K, committed 10752K, reserved 1058816K
  class space    used 372K, capacity 687K, committed 768K, reserved 1048576K
}
Event: 346.525 GC heap before
{Heap before GC invocations=69 (full 0):
 garbage-first heap   total 498688K, used 242688K [0x0000000702200000, 0x0000000800000000)
  region size 1024K, 24 young (24576K), 3 survivors (3072K)
 Metaspace       used 7781K, capacity 10595K, committed 10752K, reserved 1058816K
  class space    used 372K, capacity 687K, committed 768K, reserved 1048576K
}
Event: 346.562 GC heap after
{Heap after GC invocations=70 (full 0):
 garbage-first heap   total 498688K, used 182192K [0x0000000702200000, 0x0000000800000000)
  region size 1024K, 3 young (3072K), 3 survivors (3072K)
 Metaspace       used 7781K, capacity 10595K, committed 10752K, reserved 1058816K
  class space    used 372K, capacity 687K, committed 768K, reserved 1048576K
}
Event: 350.047 GC heap before
{Heap before GC invocations=70 (full 0):
 garbage-first heap   total 498688K, used 203696K [0x0000000702200000, 0x0000000800000000)
  region size 1024K, 24 young (24576K), 3 survivors (3072K)
 Metaspace       used 7781K, capacity 10595K, committed 10752K, reserved 1058816K
  class space    used 372K, capacity 687K, committed 768K, reserved 1048576K
}
Event: 350.071 GC heap after
{Heap after GC invocations=71 (full 0):
 garbage-first heap   total 498688K, used 142332K [0x0000000702200000, 0x0000000800000000)
  region size 1024K, 3 young (3072K), 3 survivors (3072K)
 Metaspace       used 7781K, capacity 10595K, committed 10752K, reserved 1058816K
  class space    used 372K, capacity 687K, committed 768K, reserved 1048576K
}
Event: 353.559 GC heap before
{Heap before GC invocations=71 (full 0):
 garbage-first heap   total 498688K, used 163836K [0x0000000702200000, 0x0000000800000000)
  region size 1024K, 24 young (24576K), 3 survivors (3072K)
 Metaspace       used 7781K, capacity 10595K, committed 10752K, reserved 1058816K
  class space    used 372K, capacity 687K, committed 768K, reserved 1048576K
}
Event: 353.595 GC heap after
{Heap after GC invocations=72 (full 0):
 garbage-first heap   total 498688K, used 103666K [0x0000000702200000, 0x0000000800000000)
  region size 1024K, 3 young (3072K), 3 survivors (3072K)
 Metaspace       used 7781K, capacity 10595K, committed 10752K, reserved 1058816K
  class space    used 372K, capacity 687K, committed 768K, reserved 1048576K
}
Event: 401.700 GC heap before
{Heap before GC invocations=72 (full 0):
 garbage-first heap   total 498688K, used 399602K [0x0000000702200000, 0x0000000800000000)
  region size 1024K, 292 young (299008K), 3 survivors (3072K)
 Metaspace       used 7781K, capacity 10595K, committed 10752K, reserved 1058816K
  class space    used 372K, capacity 687K, committed 768K, reserved 1048576K
}
Event: 402.074 GC heap after
{Heap after GC invocations=73 (full 0):
 garbage-first heap   total 568320K, used 268549K [0x0000000702200000, 0x0000000800000000)
  region size 1024K, 37 young (37888K), 37 survivors (37888K)
 Metaspace       used 7781K, capacity 10595K, committed 10752K, reserved 1058816K
  class space    used 372K, capacity 687K, committed 768K, reserved 1048576K
}
Event: 424.869 GC heap before
{Heap before GC invocations=73 (full 0):
 garbage-first heap   total 568320K, used 407813K [0x0000000702200000, 0x0000000800000000)
  region size 1024K, 173 young (177152K), 37 survivors (37888K)
 Metaspace       used 7781K, capacity 10595K, committed 10752K, reserved 1058816K
  class space    used 372K, capacity 687K, committed 768K, reserved 1048576K
}
Event: 425.041 GC heap after
{Heap after GC invocations=74 (full 0):
 garbage-first heap   total 568320K, used 306688K [0x0000000702200000, 0x0000000800000000)
  region size 1024K, 22 young (22528K), 22 survivors (22528K)
 Metaspace       used 7781K, capacity 10595K, committed 10752K, reserved 1058816K
  class space    used 372K, capacity 687K, committed 768K, reserved 1048576K
}
Event: 442.294 GC heap before
{Heap before GC invocations=74 (full 0):
 garbage-first heap   total 568320K, used 409088K [0x0000000702200000, 0x0000000800000000)
  region size 1024K, 122 young (124928K), 22 survivors (22528K)
 Metaspace       used 7781K, capacity 10595K, committed 10752K, reserved 1058816K
  class space    used 372K, capacity 687K, committed 768K, reserved 1048576K
}
Event: 442.419 GC heap after
{Heap after GC invocations=75 (full 0):
 garbage-first heap   total 568320K, used 340992K [0x0000000702200000, 0x0000000800000000)
  region size 1024K, 16 young (16384K), 16 survivors (16384K)
 Metaspace       used 7781K, capacity 10595K, committed 10752K, reserved 1058816K
  class space    used 372K, capacity 687K, committed 768K, reserved 1048576K
}
Event: 455.880 GC heap before
{Heap before GC invocations=75 (full 0):
 garbage-first heap   total 568320K, used 420864K [0x0000000702200000, 0x0000000800000000)
  region size 1024K, 94 young (96256K), 16 survivors (16384K)
 Metaspace       used 7781K, capacity 10595K, committed 10752K, reserved 1058816K
  class space    used 372K, capacity 687K, committed 768K, reserved 1048576K
}
Event: 455.979 GC heap after
{Heap after GC invocations=76 (full 0):
 garbage-first heap   total 568320K, used 369664K [0x0000000702200000, 0x0000000800000000)
  region size 1024K, 12 young (12288K), 12 survivors (12288K)
 Metaspace       used 7781K, capacity 10595K, committed 10752K, reserved 1058816K
  class space    used 372K, capacity 687K, committed 768K, reserved 1048576K
}
Event: 466.685 GC heap before
{Heap before GC invocations=76 (full 0):
 garbage-first heap   total 568320K, used 433152K [0x0000000702200000, 0x0000000800000000)
  region size 1024K, 74 young (75776K), 12 survivors (12288K)
 Metaspace       used 7781K, capacity 10595K, committed 10752K, reserved 1058816K
  class space    used 372K, capacity 687K, committed 768K, reserved 1048576K
}
Event: 466.763 GC heap after
{Heap after GC invocations=77 (full 0):
 garbage-first heap   total 568320K, used 393728K [0x0000000702200000, 0x0000000800000000)
  region size 1024K, 10 young (10240K), 10 survivors (10240K)
 Metaspace       used 7781K, capacity 10595K, committed 10752K, reserved 1058816K
  class space    used 372K, capacity 687K, committed 768K, reserved 1048576K
}
Event: 475.659 GC heap before
{Heap before GC invocations=77 (full 0):
 garbage-first heap   total 568320K, used 445952K [0x0000000702200000, 0x0000000800000000)
  region size 1024K, 61 young (62464K), 10 survivors (10240K)
 Metaspace       used 7781K, capacity 10595K, committed 10752K, reserved 1058816K
  class space    used 372K, capacity 687K, committed 768K, reserved 1048576K
}
Event: 475.726 GC heap after
{Heap after GC invocations=78 (full 0):
 garbage-first heap   total 568320K, used 413184K [0x0000000702200000, 0x0000000800000000)
  region size 1024K, 8 young (8192K), 8 survivors (8192K)
 Metaspace       used 7781K, capacity 10595K, committed 10752K, reserved 1058816K
  class space    used 372K, capacity 687K, committed 768K, reserved 1048576K
}

