# JRE version: OpenJDK Runtime Environment (13.0.1+9) (build 13.0.1+9)
# Java VM: OpenJDK 64-Bit Server VM (13.0.1+9, mixed mode, sharing, tiered, compressed oops, g1 gc, windows-amd64)
Heap:
 garbage-first heap   total 313344K, used 168645K [0x0000000702200000, 0x0000000800000000)
  region size 1024K, 43 young (44032K), 18 survivors (18432K)
 Metaspace       used 7829K, capacity 10595K, committed 10752K, reserved 1058816K
  class space    used 376K, capacity 687K, committed 768K, reserved 1048576K
GC Heap History (20 events):
Event: 31.197 GC heap before
{Heap before GC invocations=7 (full 0):
 garbage-first heap   total 260096K, used 85937K [0x0000000702200000, 0x0000000800000000)
  region size 1024K, 12 young (12288K), 2 survivors (2048K)
 Metaspace       used 7829K, capacity 10595K, committed 10752K, reserved 1058816K
  class space    used 376K, capacity 687K, committed 768K, reserved 1048576K
}
Event: 31.213 GC heap after
{Heap after GC invocations=8 (full 0):
 garbage-first heap   total 260096K, used 79054K [0x0000000702200000, 0x0000000800000000)
  region size 1024K, 2 young (2048K), 2 survivors (2048K)
 Metaspace       used 7829K, capacity 10595K, committed 10752K, reserved 1058816K
  class space    used 376K, capacity 687K, committed 768K, reserved 1048576K
}
Event: 39.451 GC heap before
{Heap before GC invocations=8 (full 0):
 garbage-first heap   total 260096K, used 130254K [0x0000000702200000, 0x0000000800000000)
  region size 1024K, 52 young (53248K), 2 survivors (2048K)
 Metaspace       used 7829K, capacity 10595K, committed 10752K, reserved 1058816K
  class space    used 376K, capacity 687K, committed 768K, reserved 1048576K
}
Event: 39.528 GC heap after
{Heap after GC invocations=9 (full 0):
 garbage-first heap   total 260096K, used 105469K [0x0000000702200000, 0x0000000800000000)
  region size 1024K, 7 young (7168K), 7 survivors (7168K)
 Metaspace       used 7829K, capacity 10595K, committed 10752K, reserved 1058816K
  class space    used 376K, capacity 687K, committed 768K, reserved 1048576K
}
Event: 50.966 GC heap before
{Heap before GC invocations=9 (full 0):
 garbage-first heap   total 260096K, used 176125K [0x0000000702200000, 0x0000000800000000)
  region size 1024K, 76 young (77824K), 7 survivors (7168K)
 Metaspace       used 7829K, capacity 10595K, committed 10752K, reserved 1058816K
  class space    used 376K, capacity 687K, committed 768K, reserved 1048576K
}
Event: 51.072 GC heap after
{Heap after GC invocations=10 (full 0):
 garbage-first heap   total 260096K, used 138240K [0x0000000702200000, 0x0000000800000000)
  region size 1024K, 10 young (10240K), 10 survivors (10240K)
 Metaspace       used 7829K, capacity 10595K, committed 10752K, reserved 1058816K
  class space    used 376K, capacity 687K, committed 768K, reserved 1048576K
}
Event: 58.582 GC heap before
{Heap before GC invocations=10 (full 0):
 garbage-first heap   total 260096K, used 184320K [0x0000000702200000, 0x0000000800000000)
  region size 1024K, 55 young (56320K), 10 survivors (10240K)
 Metaspace       used 7829K, capacity 10595K, committed 10752K, reserved 1058816K
  class space    used 376K, capacity 687K, committed 768K, reserved 1048576K
}
Event: 58.648 GC heap after
{Heap after GC invocations=11 (full 0):
 garbage-first heap   total 260096K, used 154624K [0x0000000702200000, 0x0000000800000000)
  region size 1024K, 7 young (7168K), 7 survivors (7168K)
 Metaspace       used 7829K, capacity 10595K, committed 10752K, reserved 1058816K
  class space    used 376K, capacity 687K, committed 768K, reserved 1048576K
}
Event: 64.717 GC heap before
{Heap before GC invocations=12 (full 0):
 garbage-first heap   total 261120K, used 190464K [0x0000000702200000, 0x0000000800000000)
  region size 1024K, 42 young (43008K), 7 survivors (7168K)
 Metaspace       used 7829K, capacity 10595K, committed 10752K, reserved 1058816K
  class space    used 376K, capacity 687K, committed 768K, reserved 1048576K
}
Event: 64.772 GC heap after
{Heap after GC invocations=13 (full 0):
 garbage-first heap   total 313344K, used 167936K [0x0000000702200000, 0x0000000800000000)
  region size 1024K, 6 young (6144K), 6 survivors (6144K)
 Metaspace       used 7829K, capacity 10595K, committed 10752K, reserved 1058816K
  class space    used 376K, capacity 687K, committed 768K, reserved 1048576K
}
Event: 66.263 GC heap before
{Heap before GC invocations=13 (full 0):
 garbage-first heap   total 313344K, used 177152K [0x0000000702200000, 0x0000000800000000)
  region size 1024K, 15 young (15360K), 6 survivors (6144K)
 Metaspace       used 7829K, capacity 10595K, committed 10752K, reserved 1058816K
  class space    used 376K, capacity 687K, committed 768K, reserved 1048576K
}
Event: 66.277 GC heap after
{Heap after GC invocations=14 (full 0):
 garbage-first heap   total 313344K, used 135578K [0x0000000702200000, 0x0000000800000000)
  region size 1024K, 2 young (2048K), 2 survivors (2048K)
 Metaspace       used 7829K, capacity 10595K, committed 10752K, reserved 1058816K
  class space    used 376K, capacity 687K, committed 768K, reserved 1048576K
}
Event: 68.440 GC heap before
{Heap before GC invocations=14 (full 0):
 garbage-first heap   total 313344K, used 148890K [0x0000000702200000, 0x0000000800000000)
  region size 1024K, 15 young (15360K), 2 survivors (2048K)
 Metaspace       used 7829K, capacity 10595K, committed 10752K, reserved 1058816K
  class space    used 376K, capacity 687K, committed 768K, reserved 1048576K
}
Event: 68.462 GC heap after
{Heap after GC invocations=15 (full 0):
 garbage-first heap   total 313344K, used 109868K [0x0000000702200000, 0x0000000800000000)
  region size 1024K, 2 young (2048K), 2 survivors (2048K)
 Metaspace       used 7829K, capacity 10595K, committed 10752K, reserved 1058816K
  class space    used 376K, capacity 687K, committed 768K, reserved 1048576K
}
Event: 70.738 GC heap before
{Heap before GC invocations=15 (full 0):
 garbage-first heap   total 313344K, used 123180K [0x0000000702200000, 0x0000000800000000)
  region size 1024K, 15 young (15360K), 2 survivors (2048K)
 Metaspace       used 7829K, capacity 10595K, committed 10752K, reserved 1058816K
  class space    used 376K, capacity 687K, committed 768K, reserved 1048576K
}
Event: 70.761 GC heap after
{Heap after GC invocations=16 (full 0):
 garbage-first heap   total 313344K, used 93184K [0x0000000702200000, 0x0000000800000000)
  region size 1024K, 2 young (2048K), 2 survivors (2048K)
 Metaspace       used 7829K, capacity 10595K, committed 10752K, reserved 1058816K
  class space    used 376K, capacity 687K, committed 768K, reserved 1048576K
}
Event: 72.924 GC heap before
{Heap before GC invocations=16 (full 0):
 garbage-first heap   total 313344K, used 106496K [0x0000000702200000, 0x0000000800000000)
  region size 1024K, 15 young (15360K), 2 survivors (2048K)
 Metaspace       used 7829K, capacity 10595K, committed 10752K, reserved 1058816K
  class space    used 376K, capacity 687K, committed 768K, reserved 1048576K
}
Event: 72.945 GC heap after
{Heap after GC invocations=17 (full 0):
 garbage-first heap   total 313344K, used 68280K [0x0000000702200000, 0x0000000800000000)
  region size 1024K, 2 young (2048K), 2 survivors (2048K)
 Metaspace       used 7829K, capacity 10595K, committed 10752K, reserved 1058816K
  class space    used 376K, capacity 687K, committed 768K, reserved 1048576K
}
Event: 99.061 GC heap before
{Heap before GC invocations=17 (full 0):
 garbage-first heap   total 313344K, used 206520K [0x0000000702200000, 0x0000000800000000)
  region size 1024K, 137 young (140288K), 2 survivors (2048K)
 Metaspace       used 7829K, capacity 10595K, committed 10752K, reserved 1058816K
  class space    used 376K, capacity 687K, committed 768K, reserved 1048576K
}
Event: 99.264 GC heap after
{Heap after GC invocations=18 (full 0):
 garbage-first heap   total 313344K, used 144069K [0x0000000702200000, 0x0000000800000000)
  region size 1024K, 18 young (18432K), 18 survivors (18432K)
 Metaspace       used 7829K, capacity 10595K, committed 10752K, reserved 1058816K
  class space    used 376K, capacity 687K, committed 768K, reserved 1048576K
}

