# JRE version: Java(TM) SE Runtime Environment (13.0.2+8) (build 13.0.2+8)
# Java VM: Java HotSpot(TM) 64-Bit Server VM (13.0.2+8, mixed mode, sharing, tiered, compressed oops, g1 gc, windows-amd64)
Heap:
 garbage-first heap   total 312320K, used 177726K [0x0000000702200000, 0x0000000800000000)
  region size 1024K, 170 young (174080K), 14 survivors (14336K)
 Metaspace       used 8550K, capacity 11091K, committed 11264K, reserved 1060864K
  class space    used 425K, capacity 725K, committed 768K, reserved 1048576K
GC Heap History (20 events):
Event: 114.915 GC heap before
{Heap before GC invocations=84 (full 0):
 garbage-first heap   total 312320K, used 192263K [0x0000000702200000, 0x0000000800000000)
  region size 1024K, 183 young (187392K), 5 survivors (5120K)
 Metaspace       used 8550K, capacity 11091K, committed 11264K, reserved 1060864K
  class space    used 425K, capacity 725K, committed 768K, reserved 1048576K
}
Event: 114.930 GC heap after
{Heap after GC invocations=85 (full 0):
 garbage-first heap   total 312320K, used 9985K [0x0000000702200000, 0x0000000800000000)
  region size 1024K, 5 young (5120K), 5 survivors (5120K)
 Metaspace       used 8550K, capacity 11091K, committed 11264K, reserved 1060864K
  class space    used 425K, capacity 725K, committed 768K, reserved 1048576K
}
Event: 116.706 GC heap before
{Heap before GC invocations=85 (full 0):
 garbage-first heap   total 312320K, used 192257K [0x0000000702200000, 0x0000000800000000)
  region size 1024K, 183 young (187392K), 5 survivors (5120K)
 Metaspace       used 8550K, capacity 11091K, committed 11264K, reserved 1060864K
  class space    used 425K, capacity 725K, committed 768K, reserved 1048576K
}
Event: 116.722 GC heap after
{Heap after GC invocations=86 (full 0):
 garbage-first heap   total 312320K, used 9981K [0x0000000702200000, 0x0000000800000000)
  region size 1024K, 5 young (5120K), 5 survivors (5120K)
 Metaspace       used 8550K, capacity 11091K, committed 11264K, reserved 1060864K
  class space    used 425K, capacity 725K, committed 768K, reserved 1048576K
}
Event: 118.433 GC heap before
{Heap before GC invocations=86 (full 0):
 garbage-first heap   total 312320K, used 192253K [0x0000000702200000, 0x0000000800000000)
  region size 1024K, 183 young (187392K), 5 survivors (5120K)
 Metaspace       used 8550K, capacity 11091K, committed 11264K, reserved 1060864K
  class space    used 425K, capacity 725K, committed 768K, reserved 1048576K
}
Event: 118.449 GC heap after
{Heap after GC invocations=87 (full 0):
 garbage-first heap   total 312320K, used 9991K [0x0000000702200000, 0x0000000800000000)
  region size 1024K, 5 young (5120K), 5 survivors (5120K)
 Metaspace       used 8550K, capacity 11091K, committed 11264K, reserved 1060864K
  class space    used 425K, capacity 725K, committed 768K, reserved 1048576K
}
Event: 120.211 GC heap before
{Heap before GC invocations=87 (full 0):
 garbage-first heap   total 312320K, used 192263K [0x0000000702200000, 0x0000000800000000)
  region size 1024K, 183 young (187392K), 5 survivors (5120K)
 Metaspace       used 8550K, capacity 11091K, committed 11264K, reserved 1060864K
  class space    used 425K, capacity 725K, committed 768K, reserved 1048576K
}
Event: 120.227 GC heap after
{Heap after GC invocations=88 (full 0):
 garbage-first heap   total 312320K, used 10221K [0x0000000702200000, 0x0000000800000000)
  region size 1024K, 5 young (5120K), 5 survivors (5120K)
 Metaspace       used 8550K, capacity 11091K, committed 11264K, reserved 1060864K
  class space    used 425K, capacity 725K, committed 768K, reserved 1048576K
}
Event: 122.669 GC heap before
{Heap before GC invocations=88 (full 0):
 garbage-first heap   total 312320K, used 192493K [0x0000000702200000, 0x0000000800000000)
  region size 1024K, 183 young (187392K), 5 survivors (5120K)
 Metaspace       used 8550K, capacity 11091K, committed 11264K, reserved 1060864K
  class space    used 425K, capacity 725K, committed 768K, reserved 1048576K
}
Event: 122.692 GC heap after
{Heap after GC invocations=89 (full 0):
 garbage-first heap   total 312320K, used 11807K [0x0000000702200000, 0x0000000800000000)
  region size 1024K, 7 young (7168K), 7 survivors (7168K)
 Metaspace       used 8550K, capacity 11091K, committed 11264K, reserved 1060864K
  class space    used 425K, capacity 725K, committed 768K, reserved 1048576K
}
Event: 124.778 GC heap before
{Heap before GC invocations=89 (full 0):
 garbage-first heap   total 312320K, used 192031K [0x0000000702200000, 0x0000000800000000)
  region size 1024K, 183 young (187392K), 7 survivors (7168K)
 Metaspace       used 8550K, capacity 11091K, committed 11264K, reserved 1060864K
  class space    used 425K, capacity 725K, committed 768K, reserved 1048576K
}
Event: 124.797 GC heap after
{Heap after GC invocations=90 (full 0):
 garbage-first heap   total 312320K, used 10970K [0x0000000702200000, 0x0000000800000000)
  region size 1024K, 6 young (6144K), 6 survivors (6144K)
 Metaspace       used 8550K, capacity 11091K, committed 11264K, reserved 1060864K
  class space    used 425K, capacity 725K, committed 768K, reserved 1048576K
}
Event: 126.781 GC heap before
{Heap before GC invocations=90 (full 0):
 garbage-first heap   total 312320K, used 192218K [0x0000000702200000, 0x0000000800000000)
  region size 1024K, 183 young (187392K), 6 survivors (6144K)
 Metaspace       used 8550K, capacity 11091K, committed 11264K, reserved 1060864K
  class space    used 425K, capacity 725K, committed 768K, reserved 1048576K
}
Event: 126.800 GC heap after
{Heap after GC invocations=91 (full 0):
 garbage-first heap   total 312320K, used 10647K [0x0000000702200000, 0x0000000800000000)
  region size 1024K, 5 young (5120K), 5 survivors (5120K)
 Metaspace       used 8550K, capacity 11091K, committed 11264K, reserved 1060864K
  class space    used 425K, capacity 725K, committed 768K, reserved 1048576K
}
Event: 128.953 GC heap before
{Heap before GC invocations=91 (full 0):
 garbage-first heap   total 312320K, used 192919K [0x0000000702200000, 0x0000000800000000)
  region size 1024K, 183 young (187392K), 5 survivors (5120K)
 Metaspace       used 8550K, capacity 11091K, committed 11264K, reserved 1060864K
  class space    used 425K, capacity 725K, committed 768K, reserved 1048576K
}
Event: 128.972 GC heap after
{Heap after GC invocations=92 (full 0):
 garbage-first heap   total 312320K, used 11073K [0x0000000702200000, 0x0000000800000000)
  region size 1024K, 6 young (6144K), 6 survivors (6144K)
 Metaspace       used 8550K, capacity 11091K, committed 11264K, reserved 1060864K
  class space    used 425K, capacity 725K, committed 768K, reserved 1048576K
}
Event: 131.220 GC heap before
{Heap before GC invocations=92 (full 0):
 garbage-first heap   total 312320K, used 192321K [0x0000000702200000, 0x0000000800000000)
  region size 1024K, 183 young (187392K), 6 survivors (6144K)
 Metaspace       used 8550K, capacity 11091K, committed 11264K, reserved 1060864K
  class space    used 425K, capacity 725K, committed 768K, reserved 1048576K
}
Event: 131.242 GC heap after
{Heap after GC invocations=93 (full 0):
 garbage-first heap   total 312320K, used 11517K [0x0000000702200000, 0x0000000800000000)
  region size 1024K, 6 young (6144K), 6 survivors (6144K)
 Metaspace       used 8550K, capacity 11091K, committed 11264K, reserved 1060864K
  class space    used 425K, capacity 725K, committed 768K, reserved 1048576K
}
Event: 136.899 GC heap before
{Heap before GC invocations=93 (full 0):
 garbage-first heap   total 312320K, used 192765K [0x0000000702200000, 0x0000000800000000)
  region size 1024K, 183 young (187392K), 6 survivors (6144K)
 Metaspace       used 8550K, capacity 11091K, committed 11264K, reserved 1060864K
  class space    used 425K, capacity 725K, committed 768K, reserved 1048576K
}
Event: 136.950 GC heap after
{Heap after GC invocations=94 (full 0):
 garbage-first heap   total 312320K, used 19006K [0x0000000702200000, 0x0000000800000000)
  region size 1024K, 14 young (14336K), 14 survivors (14336K)
 Metaspace       used 8550K, capacity 11091K, committed 11264K, reserved 1060864K
  class space    used 425K, capacity 725K, committed 768K, reserved 1048576K
}

