# JRE version: Java(TM) SE Runtime Environment (12.0.1+12) (build 12.0.1+12)
# Java VM: Java HotSpot(TM) 64-Bit Server VM (12.0.1+12, mixed mode, sharing, tiered, compressed oops, g1 gc, windows-amd64)
Heap:
 garbage-first heap   total 626688K, used 180387K [0x0000000081800000, 0x0000000100000000)
  region size 1024K, 152 young (155648K), 5 survivors (5120K)
 Metaspace       used 7182K, capacity 10110K, committed 10496K, reserved 1058816K
  class space    used 328K, capacity 652K, committed 768K, reserved 1048576K
GC Heap History (10 events):
Event: 244.121 GC heap before
{Heap before GC invocations=585 (full 0):
 garbage-first heap   total 626688K, used 401992K [0x0000000081800000, 0x0000000100000000)
  region size 1024K, 367 young (375808K), 4 survivors (4096K)
 Metaspace       used 7182K, capacity 10110K, committed 10496K, reserved 1058816K
  class space    used 328K, capacity 652K, committed 768K, reserved 1048576K
}
Event: 244.130 GC heap after
{Heap after GC invocations=586 (full 0):
 garbage-first heap   total 626688K, used 30008K [0x0000000081800000, 0x0000000100000000)
  region size 1024K, 4 young (4096K), 4 survivors (4096K)
 Metaspace       used 7182K, capacity 10110K, committed 10496K, reserved 1058816K
  class space    used 328K, capacity 652K, committed 768K, reserved 1048576K
}
Event: 246.133 GC heap before
{Heap before GC invocations=586 (full 0):
 garbage-first heap   total 626688K, used 401720K [0x0000000081800000, 0x0000000100000000)
  region size 1024K, 367 young (375808K), 4 survivors (4096K)
 Metaspace       used 7182K, capacity 10110K, committed 10496K, reserved 1058816K
  class space    used 328K, capacity 652K, committed 768K, reserved 1048576K
}
Event: 246.145 GC heap after
{Heap after GC invocations=587 (full 0):
 garbage-first heap   total 626688K, used 31160K [0x0000000081800000, 0x0000000100000000)
  region size 1024K, 5 young (5120K), 5 survivors (5120K)
 Metaspace       used 7182K, capacity 10110K, committed 10496K, reserved 1058816K
  class space    used 328K, capacity 652K, committed 768K, reserved 1048576K
}
Event: 247.766 GC heap before
{Heap before GC invocations=587 (full 0):
 garbage-first heap   total 626688K, used 401848K [0x0000000081800000, 0x0000000100000000)
  region size 1024K, 367 young (375808K), 5 survivors (5120K)
 Metaspace       used 7182K, capacity 10110K, committed 10496K, reserved 1058816K
  class space    used 328K, capacity 652K, committed 768K, reserved 1048576K
}
Event: 247.776 GC heap after
{Heap after GC invocations=588 (full 0):
 garbage-first heap   total 626688K, used 30292K [0x0000000081800000, 0x0000000100000000)
  region size 1024K, 4 young (4096K), 4 survivors (4096K)
 Metaspace       used 7182K, capacity 10110K, committed 10496K, reserved 1058816K
  class space    used 328K, capacity 652K, committed 768K, reserved 1048576K
}
Event: 249.500 GC heap before
{Heap before GC invocations=588 (full 0):
 garbage-first heap   total 626688K, used 402004K [0x0000000081800000, 0x0000000100000000)
  region size 1024K, 367 young (375808K), 4 survivors (4096K)
 Metaspace       used 7182K, capacity 10110K, committed 10496K, reserved 1058816K
  class space    used 328K, capacity 652K, committed 768K, reserved 1048576K
}
Event: 249.513 GC heap after
{Heap after GC invocations=589 (full 0):
 garbage-first heap   total 626688K, used 30680K [0x0000000081800000, 0x0000000100000000)
  region size 1024K, 5 young (5120K), 5 survivors (5120K)
 Metaspace       used 7182K, capacity 10110K, committed 10496K, reserved 1058816K
  class space    used 328K, capacity 652K, committed 768K, reserved 1048576K
}
Event: 251.340 GC heap before
{Heap before GC invocations=589 (full 0):
 garbage-first heap   total 626688K, used 401368K [0x0000000081800000, 0x0000000100000000)
  region size 1024K, 367 young (375808K), 5 survivors (5120K)
 Metaspace       used 7182K, capacity 10110K, committed 10496K, reserved 1058816K
  class space    used 328K, capacity 652K, committed 768K, reserved 1048576K
}
Event: 251.351 GC heap after
{Heap after GC invocations=590 (full 0):
 garbage-first heap   total 626688K, used 30883K [0x0000000081800000, 0x0000000100000000)
  region size 1024K, 5 young (5120K), 5 survivors (5120K)
 Metaspace       used 7182K, capacity 10110K, committed 10496K, reserved 1058816K
  class space    used 328K, capacity 652K, committed 768K, reserved 1048576K
}

