# JRE version: OpenJDK Runtime Environment (13.0.1+9) (build 13.0.1+9)
# Java VM: OpenJDK 64-Bit Server VM (13.0.1+9, mixed mode, sharing, tiered, compressed oops, g1 gc, windows-amd64)
Heap:
 garbage-first heap   total 322560K, used 124911K [0x0000000702200000, 0x0000000800000000)
  region size 1024K, 11 young (11264K), 2 survivors (2048K)
 Metaspace       used 7737K, capacity 10531K, committed 10752K, reserved 1058816K
  class space    used 372K, capacity 687K, committed 768K, reserved 1048576K
GC Heap History (20 events):
Event: 29.526 GC heap before
{Heap before GC invocations=4 (full 0):
 garbage-first heap   total 260096K, used 77704K [0x0000000702200000, 0x0000000800000000)
  region size 1024K, 12 young (12288K), 2 survivors (2048K)
 Metaspace       used 7736K, capacity 10531K, committed 10752K, reserved 1058816K
  class space    used 372K, capacity 687K, committed 768K, reserved 1048576K
}
Event: 29.538 GC heap after
{Heap after GC invocations=5 (full 0):
 garbage-first heap   total 260096K, used 71225K [0x0000000702200000, 0x0000000800000000)
  region size 1024K, 2 young (2048K), 2 survivors (2048K)
 Metaspace       used 7736K, capacity 10531K, committed 10752K, reserved 1058816K
  class space    used 372K, capacity 687K, committed 768K, reserved 1048576K
}
Event: 31.216 GC heap before
{Heap before GC invocations=5 (full 0):
 garbage-first heap   total 260096K, used 81465K [0x0000000702200000, 0x0000000800000000)
  region size 1024K, 12 young (12288K), 2 survivors (2048K)
 Metaspace       used 7736K, capacity 10531K, committed 10752K, reserved 1058816K
  class space    used 372K, capacity 687K, committed 768K, reserved 1048576K
}
Event: 31.228 GC heap after
{Heap after GC invocations=6 (full 0):
 garbage-first heap   total 260096K, used 74752K [0x0000000702200000, 0x0000000800000000)
  region size 1024K, 2 young (2048K), 2 survivors (2048K)
 Metaspace       used 7736K, capacity 10531K, committed 10752K, reserved 1058816K
  class space    used 372K, capacity 687K, committed 768K, reserved 1048576K
}
Event: 32.872 GC heap before
{Heap before GC invocations=6 (full 0):
 garbage-first heap   total 260096K, used 84992K [0x0000000702200000, 0x0000000800000000)
  region size 1024K, 12 young (12288K), 2 survivors (2048K)
 Metaspace       used 7736K, capacity 10531K, committed 10752K, reserved 1058816K
  class space    used 372K, capacity 687K, committed 768K, reserved 1048576K
}
Event: 32.885 GC heap after
{Heap after GC invocations=7 (full 0):
 garbage-first heap   total 260096K, used 78267K [0x0000000702200000, 0x0000000800000000)
  region size 1024K, 2 young (2048K), 2 survivors (2048K)
 Metaspace       used 7736K, capacity 10531K, committed 10752K, reserved 1058816K
  class space    used 372K, capacity 687K, committed 768K, reserved 1048576K
}
Event: 34.553 GC heap before
{Heap before GC invocations=7 (full 0):
 garbage-first heap   total 260096K, used 88507K [0x0000000702200000, 0x0000000800000000)
  region size 1024K, 12 young (12288K), 2 survivors (2048K)
 Metaspace       used 7736K, capacity 10531K, committed 10752K, reserved 1058816K
  class space    used 372K, capacity 687K, committed 768K, reserved 1048576K
}
Event: 34.565 GC heap after
{Heap after GC invocations=8 (full 0):
 garbage-first heap   total 260096K, used 81652K [0x0000000702200000, 0x0000000800000000)
  region size 1024K, 2 young (2048K), 2 survivors (2048K)
 Metaspace       used 7736K, capacity 10531K, committed 10752K, reserved 1058816K
  class space    used 372K, capacity 687K, committed 768K, reserved 1048576K
}
Event: 43.831 GC heap before
{Heap before GC invocations=8 (full 0):
 garbage-first heap   total 260096K, used 134900K [0x0000000702200000, 0x0000000800000000)
  region size 1024K, 54 young (55296K), 2 survivors (2048K)
 Metaspace       used 7737K, capacity 10531K, committed 10752K, reserved 1058816K
  class space    used 372K, capacity 687K, committed 768K, reserved 1048576K
}
Event: 43.903 GC heap after
{Heap after GC invocations=9 (full 0):
 garbage-first heap   total 260096K, used 110312K [0x0000000702200000, 0x0000000800000000)
  region size 1024K, 7 young (7168K), 7 survivors (7168K)
 Metaspace       used 7737K, capacity 10531K, committed 10752K, reserved 1058816K
  class space    used 372K, capacity 687K, committed 768K, reserved 1048576K
}
Event: 57.541 GC heap before
{Heap before GC invocations=9 (full 0):
 garbage-first heap   total 260096K, used 183016K [0x0000000702200000, 0x0000000800000000)
  region size 1024K, 78 young (79872K), 7 survivors (7168K)
 Metaspace       used 7737K, capacity 10531K, committed 10752K, reserved 1058816K
  class space    used 372K, capacity 687K, committed 768K, reserved 1048576K
}
Event: 57.626 GC heap after
{Heap after GC invocations=10 (full 0):
 garbage-first heap   total 260096K, used 144896K [0x0000000702200000, 0x0000000800000000)
  region size 1024K, 10 young (10240K), 10 survivors (10240K)
 Metaspace       used 7737K, capacity 10531K, committed 10752K, reserved 1058816K
  class space    used 372K, capacity 687K, committed 768K, reserved 1048576K
}
Event: 65.957 GC heap before
{Heap before GC invocations=10 (full 0):
 garbage-first heap   total 260096K, used 186880K [0x0000000702200000, 0x0000000800000000)
  region size 1024K, 51 young (52224K), 10 survivors (10240K)
 Metaspace       used 7737K, capacity 10531K, committed 10752K, reserved 1058816K
  class space    used 372K, capacity 687K, committed 768K, reserved 1048576K
}
Event: 66.007 GC heap after
{Heap after GC invocations=11 (full 0):
 garbage-first heap   total 260096K, used 158208K [0x0000000702200000, 0x0000000800000000)
  region size 1024K, 7 young (7168K), 7 survivors (7168K)
 Metaspace       used 7737K, capacity 10531K, committed 10752K, reserved 1058816K
  class space    used 372K, capacity 687K, committed 768K, reserved 1048576K
}
Event: 75.889 GC heap before
{Heap before GC invocations=12 (full 0):
 garbage-first heap   total 268288K, used 192000K [0x0000000702200000, 0x0000000800000000)
  region size 1024K, 40 young (40960K), 7 survivors (7168K)
 Metaspace       used 7737K, capacity 10531K, committed 10752K, reserved 1058816K
  class space    used 372K, capacity 687K, committed 768K, reserved 1048576K
}
Event: 75.941 GC heap after
{Heap after GC invocations=13 (full 0):
 garbage-first heap   total 268288K, used 171008K [0x0000000702200000, 0x0000000800000000)
  region size 1024K, 5 young (5120K), 5 survivors (5120K)
 Metaspace       used 7737K, capacity 10531K, committed 10752K, reserved 1058816K
  class space    used 372K, capacity 687K, committed 768K, reserved 1048576K
}
Event: 78.376 GC heap before
{Heap before GC invocations=13 (full 0):
 garbage-first heap   total 268288K, used 179200K [0x0000000702200000, 0x0000000800000000)
  region size 1024K, 13 young (13312K), 5 survivors (5120K)
 Metaspace       used 7737K, capacity 10531K, committed 10752K, reserved 1058816K
  class space    used 372K, capacity 687K, committed 768K, reserved 1048576K
}
Event: 78.400 GC heap after
{Heap after GC invocations=14 (full 0):
 garbage-first heap   total 322560K, used 143323K [0x0000000702200000, 0x0000000800000000)
  region size 1024K, 2 young (2048K), 2 survivors (2048K)
 Metaspace       used 7737K, capacity 10531K, committed 10752K, reserved 1058816K
  class space    used 372K, capacity 687K, committed 768K, reserved 1048576K
}
Event: 82.765 GC heap before
{Heap before GC invocations=14 (full 0):
 garbage-first heap   total 322560K, used 156635K [0x0000000702200000, 0x0000000800000000)
  region size 1024K, 15 young (15360K), 2 survivors (2048K)
 Metaspace       used 7737K, capacity 10531K, committed 10752K, reserved 1058816K
  class space    used 372K, capacity 687K, committed 768K, reserved 1048576K
}
Event: 82.787 GC heap after
{Heap after GC invocations=15 (full 0):
 garbage-first heap   total 322560K, used 116719K [0x0000000702200000, 0x0000000800000000)
  region size 1024K, 2 young (2048K), 2 survivors (2048K)
 Metaspace       used 7737K, capacity 10531K, committed 10752K, reserved 1058816K
  class space    used 372K, capacity 687K, committed 768K, reserved 1048576K
}

