# JRE version: Java(TM) SE Runtime Environment (13.0.2+8) (build 13.0.2+8)
# Java VM: Java HotSpot(TM) 64-Bit Server VM (13.0.2+8, mixed mode, sharing, tiered, compressed oops, g1 gc, windows-amd64)
Heap:
 garbage-first heap   total 260096K, used 173769K [0x0000000702200000, 0x0000000800000000)
  region size 1024K, 132 young (135168K), 11 survivors (11264K)
 Metaspace       used 8518K, capacity 11091K, committed 11264K, reserved 1060864K
  class space    used 430K, capacity 725K, committed 768K, reserved 1048576K
GC Heap History (10 events):
Event: 1.576 GC heap before
{Heap before GC invocations=0 (full 0):
 garbage-first heap   total 260096K, used 23552K [0x0000000702200000, 0x0000000800000000)
  region size 1024K, 24 young (24576K), 0 survivors (0K)
 Metaspace       used 2834K, capacity 6073K, committed 6272K, reserved 1056768K
  class space    used 183K, capacity 517K, committed 640K, reserved 1048576K
}
Event: 1.580 GC heap after
{Heap after GC invocations=1 (full 0):
 garbage-first heap   total 260096K, used 2488K [0x0000000702200000, 0x0000000800000000)
  region size 1024K, 3 young (3072K), 3 survivors (3072K)
 Metaspace       used 2834K, capacity 6073K, committed 6272K, reserved 1056768K
  class space    used 183K, capacity 517K, committed 640K, reserved 1048576K
}
Event: 12.034 GC heap before
{Heap before GC invocations=1 (full 0):
 garbage-first heap   total 260096K, used 155064K [0x0000000702200000, 0x0000000800000000)
  region size 1024K, 152 young (155648K), 3 survivors (3072K)
 Metaspace       used 8446K, capacity 11027K, committed 11264K, reserved 1060864K
  class space    used 430K, capacity 725K, committed 768K, reserved 1048576K
}
Event: 12.116 GC heap after
{Heap after GC invocations=2 (full 0):
 garbage-first heap   total 260096K, used 30756K [0x0000000702200000, 0x0000000800000000)
  region size 1024K, 19 young (19456K), 19 survivors (19456K)
 Metaspace       used 8446K, capacity 11027K, committed 11264K, reserved 1060864K
  class space    used 430K, capacity 725K, committed 768K, reserved 1048576K
}
Event: 12.484 GC heap before
{Heap before GC invocations=2 (full 0):
 garbage-first heap   total 260096K, used 33828K [0x0000000702200000, 0x0000000800000000)
  region size 1024K, 22 young (22528K), 19 survivors (19456K)
 Metaspace       used 8450K, capacity 11027K, committed 11264K, reserved 1060864K
  class space    used 430K, capacity 725K, committed 768K, reserved 1048576K
}
Event: 12.496 GC heap after
{Heap after GC invocations=3 (full 0):
 garbage-first heap   total 260096K, used 20288K [0x0000000702200000, 0x0000000800000000)
  region size 1024K, 2 young (2048K), 2 survivors (2048K)
 Metaspace       used 8450K, capacity 11027K, committed 11264K, reserved 1060864K
  class space    used 430K, capacity 725K, committed 768K, reserved 1048576K
}
Event: 21.191 GC heap before
{Heap before GC invocations=3 (full 0):
 garbage-first heap   total 260096K, used 65344K [0x0000000702200000, 0x0000000800000000)
  region size 1024K, 46 young (47104K), 2 survivors (2048K)
 Metaspace       used 8450K, capacity 11027K, committed 11264K, reserved 1060864K
  class space    used 430K, capacity 725K, committed 768K, reserved 1048576K
}
Event: 21.226 GC heap after
{Heap after GC invocations=4 (full 0):
 garbage-first heap   total 260096K, used 32400K [0x0000000702200000, 0x0000000800000000)
  region size 1024K, 6 young (6144K), 6 survivors (6144K)
 Metaspace       used 8450K, capacity 11027K, committed 11264K, reserved 1060864K
  class space    used 430K, capacity 725K, committed 768K, reserved 1048576K
}
Event: 38.506 GC heap before
{Heap before GC invocations=4 (full 0):
 garbage-first heap   total 260096K, used 110224K [0x0000000702200000, 0x0000000800000000)
  region size 1024K, 82 young (83968K), 6 survivors (6144K)
 Metaspace       used 8451K, capacity 11027K, committed 11264K, reserved 1060864K
  class space    used 430K, capacity 725K, committed 768K, reserved 1048576K
}
Event: 38.565 GC heap after
{Heap after GC invocations=5 (full 0):
 garbage-first heap   total 260096K, used 50889K [0x0000000702200000, 0x0000000800000000)
  region size 1024K, 11 young (11264K), 11 survivors (11264K)
 Metaspace       used 8451K, capacity 11027K, committed 11264K, reserved 1060864K
  class space    used 430K, capacity 725K, committed 768K, reserved 1048576K
}

