# JRE version: Java(TM) SE Runtime Environment (12.0.1+12) (build 12.0.1+12)
# Java VM: Java HotSpot(TM) 64-Bit Server VM (12.0.1+12, mixed mode, sharing, tiered, compressed oops, g1 gc, windows-amd64)
Heap:
 garbage-first heap   total 131072K, used 8727K [0x0000000081800000, 0x0000000100000000)
  region size 1024K, 5 young (5120K), 1 survivors (1024K)
 Metaspace       used 7194K, capacity 10109K, committed 10496K, reserved 1058816K
  class space    used 328K, capacity 652K, committed 768K, reserved 1048576K
GC Heap History (10 events):
Event: 511.894 GC heap before
{Heap before GC invocations=1248 (full 0):
 garbage-first heap   total 131072K, used 81675K [0x0000000081800000, 0x0000000100000000)
  region size 1024K, 76 young (77824K), 2 survivors (2048K)
 Metaspace       used 7194K, capacity 10109K, committed 10496K, reserved 1058816K
  class space    used 328K, capacity 652K, committed 768K, reserved 1048576K
}
Event: 511.897 GC heap after
{Heap after GC invocations=1249 (full 0):
 garbage-first heap   total 131072K, used 5654K [0x0000000081800000, 0x0000000100000000)
  region size 1024K, 1 young (1024K), 1 survivors (1024K)
 Metaspace       used 7194K, capacity 10109K, committed 10496K, reserved 1058816K
  class space    used 328K, capacity 652K, committed 768K, reserved 1048576K
}
Event: 512.299 GC heap before
{Heap before GC invocations=1249 (full 0):
 garbage-first heap   total 131072K, used 82454K [0x0000000081800000, 0x0000000100000000)
  region size 1024K, 76 young (77824K), 1 survivors (1024K)
 Metaspace       used 7194K, capacity 10109K, committed 10496K, reserved 1058816K
  class space    used 328K, capacity 652K, committed 768K, reserved 1048576K
}
Event: 512.301 GC heap after
{Heap after GC invocations=1250 (full 0):
 garbage-first heap   total 131072K, used 5655K [0x0000000081800000, 0x0000000100000000)
  region size 1024K, 1 young (1024K), 1 survivors (1024K)
 Metaspace       used 7194K, capacity 10109K, committed 10496K, reserved 1058816K
  class space    used 328K, capacity 652K, committed 768K, reserved 1048576K
}
Event: 512.706 GC heap before
{Heap before GC invocations=1250 (full 0):
 garbage-first heap   total 131072K, used 82455K [0x0000000081800000, 0x0000000100000000)
  region size 1024K, 76 young (77824K), 1 survivors (1024K)
 Metaspace       used 7194K, capacity 10109K, committed 10496K, reserved 1058816K
  class space    used 328K, capacity 652K, committed 768K, reserved 1048576K
}
Event: 512.709 GC heap after
{Heap after GC invocations=1251 (full 0):
 garbage-first heap   total 131072K, used 5717K [0x0000000081800000, 0x0000000100000000)
  region size 1024K, 2 young (2048K), 2 survivors (2048K)
 Metaspace       used 7194K, capacity 10109K, committed 10496K, reserved 1058816K
  class space    used 328K, capacity 652K, committed 768K, reserved 1048576K
}
Event: 513.105 GC heap before
{Heap before GC invocations=1251 (full 0):
 garbage-first heap   total 131072K, used 81493K [0x0000000081800000, 0x0000000100000000)
  region size 1024K, 76 young (77824K), 2 survivors (2048K)
 Metaspace       used 7194K, capacity 10109K, committed 10496K, reserved 1058816K
  class space    used 328K, capacity 652K, committed 768K, reserved 1048576K
}
Event: 513.108 GC heap after
{Heap after GC invocations=1252 (full 0):
 garbage-first heap   total 131072K, used 5599K [0x0000000081800000, 0x0000000100000000)
  region size 1024K, 1 young (1024K), 1 survivors (1024K)
 Metaspace       used 7194K, capacity 10109K, committed 10496K, reserved 1058816K
  class space    used 328K, capacity 652K, committed 768K, reserved 1048576K
}
Event: 513.514 GC heap before
{Heap before GC invocations=1252 (full 0):
 garbage-first heap   total 131072K, used 82399K [0x0000000081800000, 0x0000000100000000)
  region size 1024K, 76 young (77824K), 1 survivors (1024K)
 Metaspace       used 7194K, capacity 10109K, committed 10496K, reserved 1058816K
  class space    used 328K, capacity 652K, committed 768K, reserved 1048576K
}
Event: 513.517 GC heap after
{Heap after GC invocations=1253 (full 0):
 garbage-first heap   total 131072K, used 5655K [0x0000000081800000, 0x0000000100000000)
  region size 1024K, 1 young (1024K), 1 survivors (1024K)
 Metaspace       used 7194K, capacity 10109K, committed 10496K, reserved 1058816K
  class space    used 328K, capacity 652K, committed 768K, reserved 1048576K
}

